<?xml version="1.0" encoding="UTF-8"?>
<testsuite xmlns:xsi="http://www.w3.org/2001/XMLSchema-instance" xsi:noNamespaceSchemaLocation="https://maven.apache.org/surefire/maven-surefire-plugin/xsd/surefire-test-report.xsd" name="ngondi.ged.ga.infrastructure.service.test.FournisseurImplTest" time="2.462" tests="8" errors="7" skipped="0" failures="0">
  <properties>
[...]
</properties>
  <testcase name="testGetFournisseurs" classname="ngondi.ged.ga.infrastructure.service.test.FournisseurImplTest" time="0.001">
    <error message="Source must not be null" type="java.lang.IllegalArgumentException">java.lang.IllegalArgumentException: Source must not be null
	at ngondi.ged.ga.infrastructure.service.test.FournisseurImplTest.testGetFournisseurs(FournisseurImplTest.java:178)
</error>
    <system-out><![CDATA[01:26:47.910 [main] DEBUG org.springframework.test.context.junit4.SpringJUnit4ClassRunner - SpringJUnit4ClassRunner constructor called with [class ngondi.ged.ga.infrastructure.service.test.FournisseurImplTest]
01:26:47.910 [main] DEBUG org.springframework.test.context.BootstrapUtils - Instantiating CacheAwareContextLoaderDelegate from class [org.springframework.test.context.cache.DefaultCacheAwareContextLoaderDelegate]
01:26:47.910 [main] DEBUG org.springframework.test.context.BootstrapUtils - Instantiating BootstrapContext using constructor [public org.springframework.test.context.support.DefaultBootstrapContext(java.lang.Class,org.springframework.test.context.CacheAwareContextLoaderDelegate)]
01:26:47.910 [main] DEBUG org.springframework.test.context.BootstrapUtils - Instantiating TestContextBootstrapper for test class [ngondi.ged.ga.infrastructure.service.test.FournisseurImplTest] from class [org.springframework.test.context.support.DefaultTestContextBootstrapper]
01:26:47.911 [main] INFO org.springframework.test.context.support.DefaultTestContextBootstrapper - Neither @ContextConfiguration nor @ContextHierarchy found for test class [ngondi.ged.ga.infrastructure.service.test.FournisseurImplTest], using DelegatingSmartContextLoader
01:26:47.911 [main] DEBUG org.springframework.test.context.support.AbstractDelegatingSmartContextLoader - Delegating to GenericXmlContextLoader to process context configuration [ContextConfigurationAttributes@51eb0e84 declaringClass = 'ngondi.ged.ga.infrastructure.service.test.FournisseurImplTest', classes = '{}', locations = '{}', inheritLocations = false, initializers = '{}', inheritInitializers = true, name = [null], contextLoaderClass = 'org.springframework.test.context.ContextLoader'].
01:26:47.912 [main] DEBUG org.springframework.test.context.support.AbstractContextLoader - Did not detect default resource location for test class [ngondi.ged.ga.infrastructure.service.test.FournisseurImplTest]: class path resource [ngondi/ged/ga/infrastructure/service/test/FournisseurImplTest-context.xml] does not exist
01:26:47.912 [main] INFO org.springframework.test.context.support.AbstractContextLoader - Could not detect default resource locations for test class [ngondi.ged.ga.infrastructure.service.test.FournisseurImplTest]: no resource found for suffixes {-context.xml}.
01:26:47.912 [main] DEBUG org.springframework.test.context.support.AbstractDelegatingSmartContextLoader - Delegating to AnnotationConfigContextLoader to process context configuration [ContextConfigurationAttributes@51eb0e84 declaringClass = 'ngondi.ged.ga.infrastructure.service.test.FournisseurImplTest', classes = '{}', locations = '{}', inheritLocations = false, initializers = '{}', inheritInitializers = true, name = [null], contextLoaderClass = 'org.springframework.test.context.ContextLoader'].
01:26:47.912 [main] INFO org.springframework.test.context.support.AbstractDelegatingSmartContextLoader - AnnotationConfigContextLoader detected default configuration classes for context configuration [ContextConfigurationAttributes@51eb0e84 declaringClass = 'ngondi.ged.ga.infrastructure.service.test.FournisseurImplTest', classes = '{class ngondi.ged.ga.infrastructure.service.test.FournisseurImplTest$conf}', locations = '{}', inheritLocations = false, initializers = '{}', inheritInitializers = true, name = [null], contextLoaderClass = 'org.springframework.test.context.ContextLoader'].
01:26:47.913 [main] DEBUG org.springframework.test.context.support.ActiveProfilesUtils - Could not find an 'annotation declaring class' for annotation type [org.springframework.test.context.ActiveProfiles] and class [ngondi.ged.ga.infrastructure.service.test.FournisseurImplTest]
01:26:47.913 [main] DEBUG org.springframework.test.context.support.DefaultTestContextBootstrapper - @TestExecutionListeners is not present for class [ngondi.ged.ga.infrastructure.service.test.FournisseurImplTest]: using defaults.
01:26:47.913 [main] INFO org.springframework.test.context.support.DefaultTestContextBootstrapper - Loaded default TestExecutionListener class names from location [META-INF/spring.factories]: [org.springframework.boot.test.mock.mockito.MockitoTestExecutionListener, org.springframework.boot.test.mock.mockito.ResetMocksTestExecutionListener, org.springframework.boot.test.autoconfigure.restdocs.RestDocsTestExecutionListener, org.springframework.boot.test.autoconfigure.web.client.MockRestServiceServerResetTestExecutionListener, org.springframework.boot.test.autoconfigure.web.servlet.MockMvcPrintOnlyOnFailureTestExecutionListener, org.springframework.boot.test.autoconfigure.web.servlet.WebDriverTestExecutionListener, org.springframework.test.context.web.ServletTestExecutionListener, org.springframework.test.context.support.DirtiesContextBeforeModesTestExecutionListener, org.springframework.test.context.support.DependencyInjectionTestExecutionListener, org.springframework.test.context.support.DirtiesContextTestExecutionListener, org.springframework.test.context.transaction.TransactionalTestExecutionListener, org.springframework.test.context.jdbc.SqlScriptsTestExecutionListener]
01:26:47.914 [main] INFO org.springframework.test.context.support.DefaultTestContextBootstrapper - Using TestExecutionListeners: [org.springframework.test.context.web.ServletTestExecutionListener@4ce267cc, org.springframework.test.context.support.DirtiesContextBeforeModesTestExecutionListener@2eebce87, org.springframework.boot.test.mock.mockito.MockitoTestExecutionListener@6ee37ca7, org.springframework.test.context.support.DependencyInjectionTestExecutionListener@6775c0d1, org.springframework.test.context.support.DirtiesContextTestExecutionListener@38f617f4, org.springframework.test.context.transaction.TransactionalTestExecutionListener@4899799b, org.springframework.test.context.jdbc.SqlScriptsTestExecutionListener@3dea226b, org.springframework.boot.test.mock.mockito.ResetMocksTestExecutionListener@74500e4f, org.springframework.boot.test.autoconfigure.restdocs.RestDocsTestExecutionListener@7c91fe86, org.springframework.boot.test.autoconfigure.web.client.MockRestServiceServerResetTestExecutionListener@7fc7152e, org.springframework.boot.test.autoconfigure.web.servlet.MockMvcPrintOnlyOnFailureTestExecutionListener@13d289c7, org.springframework.boot.test.autoconfigure.web.servlet.WebDriverTestExecutionListener@6704df84]
01:26:47.914 [main] DEBUG org.springframework.test.annotation.ProfileValueUtils - Retrieved @ProfileValueSourceConfiguration [null] for test class [ngondi.ged.ga.infrastructure.service.test.FournisseurImplTest]
01:26:47.914 [main] DEBUG org.springframework.test.annotation.ProfileValueUtils - Retrieved ProfileValueSource type [class org.springframework.test.annotation.SystemProfileValueSource] for class [ngondi.ged.ga.infrastructure.service.test.FournisseurImplTest]
01:26:47.914 [main] DEBUG org.springframework.test.annotation.ProfileValueUtils - Retrieved @ProfileValueSourceConfiguration [null] for test class [ngondi.ged.ga.infrastructure.service.test.FournisseurImplTest]
01:26:47.914 [main] DEBUG org.springframework.test.annotation.ProfileValueUtils - Retrieved ProfileValueSource type [class org.springframework.test.annotation.SystemProfileValueSource] for class [ngondi.ged.ga.infrastructure.service.test.FournisseurImplTest]
01:26:47.914 [main] DEBUG org.springframework.test.annotation.ProfileValueUtils - Retrieved @ProfileValueSourceConfiguration [null] for test class [ngondi.ged.ga.infrastructure.service.test.FournisseurImplTest]
01:26:47.915 [main] DEBUG org.springframework.test.annotation.ProfileValueUtils - Retrieved ProfileValueSource type [class org.springframework.test.annotation.SystemProfileValueSource] for class [ngondi.ged.ga.infrastructure.service.test.FournisseurImplTest]
01:26:47.915 [main] DEBUG org.springframework.test.context.support.AbstractDirtiesContextTestExecutionListener - Before test class: context [DefaultTestContext@1412682c testClass = FournisseurImplTest, testInstance = [null], testMethod = [null], testException = [null], mergedContextConfiguration = [MergedContextConfiguration@53bb71e5 testClass = FournisseurImplTest, locations = '{}', classes = '{class ngondi.ged.ga.infrastructure.service.test.FournisseurImplTest$conf}', contextInitializerClasses = '[]', activeProfiles = '{}', propertySourceLocations = '{}', propertySourceProperties = '{}', contextCustomizers = set[org.springframework.boot.test.context.filter.ExcludeFilterContextCustomizer@1e4a7dd4, org.springframework.boot.test.json.DuplicateJsonObjectContextCustomizerFactory$DuplicateJsonObjectContextCustomizer@133e16fd, org.springframework.boot.test.mock.mockito.MockitoContextCustomizer@0, org.springframework.boot.test.autoconfigure.properties.PropertyMappingContextCustomizer@0, org.springframework.boot.test.autoconfigure.web.servlet.WebDriverContextCustomizerFactory$Customizer@1176dcec], contextLoader = 'org.springframework.test.context.support.DelegatingSmartContextLoader', parent = [null]], attributes = map[[empty]]], class annotated with @DirtiesContext [false] with mode [null].
01:26:47.915 [main] DEBUG org.springframework.test.annotation.ProfileValueUtils - Retrieved @ProfileValueSourceConfiguration [null] for test class [ngondi.ged.ga.infrastructure.service.test.FournisseurImplTest]
01:26:47.915 [main] DEBUG org.springframework.test.annotation.ProfileValueUtils - Retrieved ProfileValueSource type [class org.springframework.test.annotation.SystemProfileValueSource] for class [ngondi.ged.ga.infrastructure.service.test.FournisseurImplTest]
01:26:47.915 [main] DEBUG org.springframework.test.context.support.DependencyInjectionTestExecutionListener - Performing dependency injection for test context [[DefaultTestContext@1412682c testClass = FournisseurImplTest, testInstance = ngondi.ged.ga.infrastructure.service.test.FournisseurImplTest@54a056e4, testMethod = [null], testException = [null], mergedContextConfiguration = [MergedContextConfiguration@53bb71e5 testClass = FournisseurImplTest, locations = '{}', classes = '{class ngondi.ged.ga.infrastructure.service.test.FournisseurImplTest$conf}', contextInitializerClasses = '[]', activeProfiles = '{}', propertySourceLocations = '{}', propertySourceProperties = '{}', contextCustomizers = set[org.springframework.boot.test.context.filter.ExcludeFilterContextCustomizer@1e4a7dd4, org.springframework.boot.test.json.DuplicateJsonObjectContextCustomizerFactory$DuplicateJsonObjectContextCustomizer@133e16fd, org.springframework.boot.test.mock.mockito.MockitoContextCustomizer@0, org.springframework.boot.test.autoconfigure.properties.PropertyMappingContextCustomizer@0, org.springframework.boot.test.autoconfigure.web.servlet.WebDriverContextCustomizerFactory$Customizer@1176dcec], contextLoader = 'org.springframework.test.context.support.DelegatingSmartContextLoader', parent = [null]], attributes = map[[empty]]]].
01:26:47.915 [main] DEBUG org.springframework.test.context.support.AbstractDelegatingSmartContextLoader - Delegating to AnnotationConfigContextLoader to load context from [MergedContextConfiguration@53bb71e5 testClass = FournisseurImplTest, locations = '{}', classes = '{class ngondi.ged.ga.infrastructure.service.test.FournisseurImplTest$conf}', contextInitializerClasses = '[]', activeProfiles = '{}', propertySourceLocations = '{}', propertySourceProperties = '{}', contextCustomizers = set[org.springframework.boot.test.context.filter.ExcludeFilterContextCustomizer@1e4a7dd4, org.springframework.boot.test.json.DuplicateJsonObjectContextCustomizerFactory$DuplicateJsonObjectContextCustomizer@133e16fd, org.springframework.boot.test.mock.mockito.MockitoContextCustomizer@0, org.springframework.boot.test.autoconfigure.properties.PropertyMappingContextCustomizer@0, org.springframework.boot.test.autoconfigure.web.servlet.WebDriverContextCustomizerFactory$Customizer@1176dcec], contextLoader = 'org.springframework.test.context.support.DelegatingSmartContextLoader', parent = [null]].
01:26:47.916 [main] DEBUG org.springframework.test.context.support.AbstractGenericContextLoader - Loading ApplicationContext for merged context configuration [[MergedContextConfiguration@53bb71e5 testClass = FournisseurImplTest, locations = '{}', classes = '{class ngondi.ged.ga.infrastructure.service.test.FournisseurImplTest$conf}', contextInitializerClasses = '[]', activeProfiles = '{}', propertySourceLocations = '{}', propertySourceProperties = '{}', contextCustomizers = set[org.springframework.boot.test.context.filter.ExcludeFilterContextCustomizer@1e4a7dd4, org.springframework.boot.test.json.DuplicateJsonObjectContextCustomizerFactory$DuplicateJsonObjectContextCustomizer@133e16fd, org.springframework.boot.test.mock.mockito.MockitoContextCustomizer@0, org.springframework.boot.test.autoconfigure.properties.PropertyMappingContextCustomizer@0, org.springframework.boot.test.autoconfigure.web.servlet.WebDriverContextCustomizerFactory$Customizer@1176dcec], contextLoader = 'org.springframework.test.context.support.DelegatingSmartContextLoader', parent = [null]]].
01:26:47.916 [main] DEBUG org.springframework.core.env.StandardEnvironment - Adding PropertySource 'systemProperties' with lowest search precedence
01:26:47.916 [main] DEBUG org.springframework.core.env.StandardEnvironment - Adding PropertySource 'systemEnvironment' with lowest search precedence
01:26:47.926 [main] DEBUG org.springframework.core.env.StandardEnvironment - Initialized StandardEnvironment with PropertySources [MapPropertySource@315429532 {name='systemProperties', properties={java.runtime.name=Java(TM) SE Runtime Environment, sun.boot.library.path=C:\Program Files\Java\jdk1.8.0_181\jre\bin, java.vm.version=25.181-b13, java.vm.vendor=Oracle Corporation, java.vendor.url=http://java.oracle.com/, path.separator=;, java.vm.name=Java HotSpot(TM) 64-Bit Server VM, file.encoding.pkg=sun.io, user.country=FR, user.script=, sun.java.launcher=SUN_STANDARD, sun.os.patch.level=, java.vm.specification.name=Java Virtual Machine Specification, user.dir=C:\Users\gmihindou\Desktop\NGONDI\ngondi\ngondi-infrastructure, java.runtime.version=1.8.0_181-b13, basedir=C:\Users\gmihindou\Desktop\NGONDI\ngondi\ngondi-infrastructure, java.awt.graphicsenv=sun.awt.Win32GraphicsEnvironment, java.endorsed.dirs=C:\Program Files\Java\jdk1.8.0_181\jre\lib\endorsed, os.arch=amd64, surefire.real.class.path=C:\Users\GMIHIN~1\AppData\Local\Temp\surefire3983876529997774579\surefirebooter7677067244655180553.jar, java.io.tmpdir=C:\Users\GMIHIN~1\AppData\Local\Temp\, line.separator=
, java.vm.specification.vendor=Oracle Corporation, user.variant=, os.name=Windows 10, sun.jnu.encoding=Cp1252, java.library.path=C:\Program Files\Java\jdk1.8.0_181\jre\bin;C:\WINDOWS\Sun\Java\bin;C:\WINDOWS\system32;C:\WINDOWS;C:/Program Files/Java/jre1.8.0_181/bin/server;C:/Program Files/Java/jre1.8.0_181/bin;C:/Program Files/Java/jre1.8.0_181/lib/amd64;C:\Program Files (x86)\Common Files\Oracle\Java\javapath;C:\ProgramData\Oracle\Java\javapath;C:\WINDOWS\system32;C:\WINDOWS;C:\WINDOWS\System32\Wbem;C:\WINDOWS\System32\WindowsPowerShell\v1.0\;C:\WINDOWS\System32\OpenSSH\;C:\Program Files\nodejs\;C:\Program Files\Git\cmd;C:\Program Files\Java\jdk1.8.0_181\bin;C:\Program Files\apache-maven-3.5.4\bin;C:\Program Files (x86)\Intel\Intel(R) Management Engine Components\DAL;C:\Program Files\Intel\Intel(R) Management Engine Components\DAL;;C:\adb;C:\WINDOWS\system32;C:\WINDOWS;C:\WINDOWS\System32\Wbem;C:\WINDOWS\System32\WindowsPowerShell\v1.0\;C:\WINDOWS\System32\OpenSSH\;C:\Program Files\Intel\WiFi\bin\;C:\Program Files\Common Files\Intel\WirelessCommon\;C:\Program Files\Intel\WiFi\bin\;C:\Program Files\Common Files\Intel\WirelessCommon\;C:\Users\gmihindou\AppData\Local\Microsoft\WindowsApps;C:\Users\gmihindou\AppData\Local\GitHubDesktop\bin;C:\Users\gmihindou\Downloads\sts-bundle\sts-3.9.5.RELEASE;;., surefire.test.class.path=C:\Users\gmihindou\Desktop\NGONDI\ngondi\ngondi-infrastructure\target\test-classes;C:\Users\gmihindou\Desktop\NGONDI\ngondi\ngondi-infrastructure\target\classes;C:\Users\gmihindou\.m2\repository\org\springframework\boot\spring-boot-starter-web\2.0.4.RELEASE\spring-boot-starter-web-2.0.4.RELEASE.jar;C:\Users\gmihindou\.m2\repository\org\springframework\boot\spring-boot-starter\2.0.4.RELEASE\spring-boot-starter-2.0.4.RELEASE.jar;C:\Users\gmihindou\.m2\repository\org\springframework\boot\spring-boot-starter-logging\2.0.4.RELEASE\spring-boot-starter-logging-2.0.4.RELEASE.jar;C:\Users\gmihindou\.m2\repository\ch\qos\logback\logback-classic\1.2.3\logback-classic-1.2.3.jar;C:\Users\gmihindou\.m2\repository\ch\qos\logback\logback-core\1.2.3\logback-core-1.2.3.jar;C:\Users\gmihindou\.m2\repository\org\apache\logging\log4j\log4j-to-slf4j\2.10.0\log4j-to-slf4j-2.10.0.jar;C:\Users\gmihindou\.m2\repository\org\apache\logging\log4j\log4j-api\2.10.0\log4j-api-2.10.0.jar;C:\Users\gmihindou\.m2\repository\org\slf4j\jul-to-slf4j\1.7.25\jul-to-slf4j-1.7.25.jar;C:\Users\gmihindou\.m2\repository\javax\annotation\javax.annotation-api\1.3.2\javax.annotation-api-1.3.2.jar;C:\Users\gmihindou\.m2\repository\org\yaml\snakeyaml\1.19\snakeyaml-1.19.jar;C:\Users\gmihindou\.m2\repository\org\springframework\boot\spring-boot-starter-json\2.0.4.RELEASE\spring-boot-starter-json-2.0.4.RELEASE.jar;C:\Users\gmihindou\.m2\repository\com\fasterxml\jackson\core\jackson-databind\2.9.6\jackson-databind-2.9.6.jar;C:\Users\gmihindou\.m2\repository\com\fasterxml\jackson\core\jackson-annotations\2.9.0\jackson-annotations-2.9.0.jar;C:\Users\gmihindou\.m2\repository\com\fasterxml\jackson\core\jackson-core\2.9.6\jackson-core-2.9.6.jar;C:\Users\gmihindou\.m2\repository\com\fasterxml\jackson\datatype\jackson-datatype-jdk8\2.9.6\jackson-datatype-jdk8-2.9.6.jar;C:\Users\gmihindou\.m2\repository\com\fasterxml\jackson\datatype\jackson-datatype-jsr310\2.9.6\jackson-datatype-jsr310-2.9.6.jar;C:\Users\gmihindou\.m2\repository\com\fasterxml\jackson\module\jackson-module-parameter-names\2.9.6\jackson-module-parameter-names-2.9.6.jar;C:\Users\gmihindou\.m2\repository\org\springframework\boot\spring-boot-starter-tomcat\2.0.4.RELEASE\spring-boot-starter-tomcat-2.0.4.RELEASE.jar;C:\Users\gmihindou\.m2\repository\org\apache\tomcat\embed\tomcat-embed-core\8.5.32\tomcat-embed-core-8.5.32.jar;C:\Users\gmihindou\.m2\repository\org\apache\tomcat\embed\tomcat-embed-el\8.5.32\tomcat-embed-el-8.5.32.jar;C:\Users\gmihindou\.m2\repository\org\apache\tomcat\embed\tomcat-embed-websocket\8.5.32\tomcat-embed-websocket-8.5.32.jar;C:\Users\gmihindou\.m2\repository\org\hibernate\validator\hibernate-validator\6.0.11.Final\hibernate-validator-6.0.11.Final.jar;C:\Users\gmihindou\.m2\repository\javax\validation\validation-api\2.0.1.Final\validation-api-2.0.1.Final.jar;C:\Users\gmihindou\.m2\repository\org\jboss\logging\jboss-logging\3.3.2.Final\jboss-logging-3.3.2.Final.jar;C:\Users\gmihindou\.m2\repository\com\fasterxml\classmate\1.3.4\classmate-1.3.4.jar;C:\Users\gmihindou\.m2\repository\org\springframework\spring-web\5.0.8.RELEASE\spring-web-5.0.8.RELEASE.jar;C:\Users\gmihindou\.m2\repository\org\springframework\spring-beans\5.0.8.RELEASE\spring-beans-5.0.8.RELEASE.jar;C:\Users\gmihindou\.m2\repository\org\springframework\spring-webmvc\5.0.8.RELEASE\spring-webmvc-5.0.8.RELEASE.jar;C:\Users\gmihindou\.m2\repository\org\springframework\spring-aop\5.0.8.RELEASE\spring-aop-5.0.8.RELEASE.jar;C:\Users\gmihindou\.m2\repository\org\springframework\spring-context\5.0.8.RELEASE\spring-context-5.0.8.RELEASE.jar;C:\Users\gmihindou\.m2\repository\org\springframework\spring-expression\5.0.8.RELEASE\spring-expression-5.0.8.RELEASE.jar;C:\Users\gmihindou\.m2\repository\org\springframework\boot\spring-boot-devtools\2.0.4.RELEASE\spring-boot-devtools-2.0.4.RELEASE.jar;C:\Users\gmihindou\.m2\repository\org\springframework\boot\spring-boot\2.0.4.RELEASE\spring-boot-2.0.4.RELEASE.jar;C:\Users\gmihindou\.m2\repository\org\springframework\boot\spring-boot-autoconfigure\2.0.4.RELEASE\spring-boot-autoconfigure-2.0.4.RELEASE.jar;C:\Users\gmihindou\.m2\repository\org\springframework\boot\spring-boot-starter-test\2.0.4.RELEASE\spring-boot-starter-test-2.0.4.RELEASE.jar;C:\Users\gmihindou\.m2\repository\org\springframework\boot\spring-boot-test\2.0.4.RELEASE\spring-boot-test-2.0.4.RELEASE.jar;C:\Users\gmihindou\.m2\repository\org\springframework\boot\spring-boot-test-autoconfigure\2.0.4.RELEASE\spring-boot-test-autoconfigure-2.0.4.RELEASE.jar;C:\Users\gmihindou\.m2\repository\com\jayway\jsonpath\json-path\2.4.0\json-path-2.4.0.jar;C:\Users\gmihindou\.m2\repository\net\minidev\json-smart\2.3\json-smart-2.3.jar;C:\Users\gmihindou\.m2\repository\net\minidev\accessors-smart\1.2\accessors-smart-1.2.jar;C:\Users\gmihindou\.m2\repository\org\ow2\asm\asm\5.0.4\asm-5.0.4.jar;C:\Users\gmihindou\.m2\repository\org\slf4j\slf4j-api\1.7.25\slf4j-api-1.7.25.jar;C:\Users\gmihindou\.m2\repository\junit\junit\4.12\junit-4.12.jar;C:\Users\gmihindou\.m2\repository\org\assertj\assertj-core\3.9.1\assertj-core-3.9.1.jar;C:\Users\gmihindou\.m2\repository\org\mockito\mockito-core\2.15.0\mockito-core-2.15.0.jar;C:\Users\gmihindou\.m2\repository\net\bytebuddy\byte-buddy\1.7.11\byte-buddy-1.7.11.jar;C:\Users\gmihindou\.m2\repository\net\bytebuddy\byte-buddy-agent\1.7.11\byte-buddy-agent-1.7.11.jar;C:\Users\gmihindou\.m2\repository\org\objenesis\objenesis\2.6\objenesis-2.6.jar;C:\Users\gmihindou\.m2\repository\org\hamcrest\hamcrest-core\1.3\hamcrest-core-1.3.jar;C:\Users\gmihindou\.m2\repository\org\hamcrest\hamcrest-library\1.3\hamcrest-library-1.3.jar;C:\Users\gmihindou\.m2\repository\org\skyscreamer\jsonassert\1.5.0\jsonassert-1.5.0.jar;C:\Users\gmihindou\.m2\repository\com\vaadin\external\google\android-json\0.0.20131108.vaadin1\android-json-0.0.20131108.vaadin1.jar;C:\Users\gmihindou\.m2\repository\org\springframework\spring-core\5.0.8.RELEASE\spring-core-5.0.8.RELEASE.jar;C:\Users\gmihindou\.m2\repository\org\springframework\spring-jcl\5.0.8.RELEASE\spring-jcl-5.0.8.RELEASE.jar;C:\Users\gmihindou\.m2\repository\org\springframework\spring-test\5.0.8.RELEASE\spring-test-5.0.8.RELEASE.jar;C:\Users\gmihindou\.m2\repository\org\xmlunit\xmlunit-core\2.5.1\xmlunit-core-2.5.1.jar;C:\Users\gmihindou\.m2\repository\org\springframework\boot\spring-boot-starter-data-jpa\2.0.4.RELEASE\spring-boot-starter-data-jpa-2.0.4.RELEASE.jar;C:\Users\gmihindou\.m2\repository\org\springframework\boot\spring-boot-starter-aop\2.0.4.RELEASE\spring-boot-starter-aop-2.0.4.RELEASE.jar;C:\Users\gmihindou\.m2\repository\org\aspectj\aspectjweaver\1.8.13\aspectjweaver-1.8.13.jar;C:\Users\gmihindou\.m2\repository\org\springframework\boot\spring-boot-starter-jdbc\2.0.4.RELEASE\spring-boot-starter-jdbc-2.0.4.RELEASE.jar;C:\Users\gmihindou\.m2\repository\com\zaxxer\HikariCP\2.7.9\HikariCP-2.7.9.jar;C:\Users\gmihindou\.m2\repository\org\springframework\spring-jdbc\5.0.8.RELEASE\spring-jdbc-5.0.8.RELEASE.jar;C:\Users\gmihindou\.m2\repository\org\hibernate\hibernate-core\5.2.17.Final\hibernate-core-5.2.17.Final.jar;C:\Users\gmihindou\.m2\repository\org\hibernate\javax\persistence\hibernate-jpa-2.1-api\1.0.2.Final\hibernate-jpa-2.1-api-1.0.2.Final.jar;C:\Users\gmihindou\.m2\repository\org\javassist\javassist\3.22.0-GA\javassist-3.22.0-GA.jar;C:\Users\gmihindou\.m2\repository\antlr\antlr\2.7.7\antlr-2.7.7.jar;C:\Users\gmihindou\.m2\repository\org\jboss\jandex\2.0.3.Final\jandex-2.0.3.Final.jar;C:\Users\gmihindou\.m2\repository\dom4j\dom4j\1.6.1\dom4j-1.6.1.jar;C:\Users\gmihindou\.m2\repository\org\hibernate\common\hibernate-commons-annotations\5.0.1.Final\hibernate-commons-annotations-5.0.1.Final.jar;C:\Users\gmihindou\.m2\repository\javax\transaction\javax.transaction-api\1.2\javax.transaction-api-1.2.jar;C:\Users\gmihindou\.m2\repository\org\springframework\data\spring-data-jpa\2.0.9.RELEASE\spring-data-jpa-2.0.9.RELEASE.jar;C:\Users\gmihindou\.m2\repository\org\springframework\data\spring-data-commons\2.0.9.RELEASE\spring-data-commons-2.0.9.RELEASE.jar;C:\Users\gmihindou\.m2\repository\org\springframework\spring-orm\5.0.8.RELEASE\spring-orm-5.0.8.RELEASE.jar;C:\Users\gmihindou\.m2\repository\org\springframework\spring-tx\5.0.8.RELEASE\spring-tx-5.0.8.RELEASE.jar;C:\Users\gmihindou\.m2\repository\org\springframework\spring-aspects\5.0.8.RELEASE\spring-aspects-5.0.8.RELEASE.jar;C:\Users\gmihindou\.m2\repository\mysql\mysql-connector-java\5.1.46\mysql-connector-java-5.1.46.jar;C:\Users\gmihindou\Desktop\NGONDI\ngondi\ngondi-domain\target\ngondi-domain-0.4-SNAPSHOT.jar;, java.specification.name=Java Platform API Specification, java.class.version=52.0, sun.management.compiler=HotSpot 64-Bit Tiered Compilers, os.version=10.0, user.home=C:\Users\gmihindou, user.timezone=Europe/Paris, java.awt.printerjob=sun.awt.windows.WPrinterJob, file.encoding=Cp1252, java.specification.version=1.8, java.class.path=C:\Users\gmihindou\Desktop\NGONDI\ngondi\ngondi-infrastructure\target\test-classes;C:\Users\gmihindou\Desktop\NGONDI\ngondi\ngondi-infrastructure\target\classes;C:\Users\gmihindou\.m2\repository\org\springframework\boot\spring-boot-starter-web\2.0.4.RELEASE\spring-boot-starter-web-2.0.4.RELEASE.jar;C:\Users\gmihindou\.m2\repository\org\springframework\boot\spring-boot-starter\2.0.4.RELEASE\spring-boot-starter-2.0.4.RELEASE.jar;C:\Users\gmihindou\.m2\repository\org\springframework\boot\spring-boot-starter-logging\2.0.4.RELEASE\spring-boot-starter-logging-2.0.4.RELEASE.jar;C:\Users\gmihindou\.m2\repository\ch\qos\logback\logback-classic\1.2.3\logback-classic-1.2.3.jar;C:\Users\gmihindou\.m2\repository\ch\qos\logback\logback-core\1.2.3\logback-core-1.2.3.jar;C:\Users\gmihindou\.m2\repository\org\apache\logging\log4j\log4j-to-slf4j\2.10.0\log4j-to-slf4j-2.10.0.jar;C:\Users\gmihindou\.m2\repository\org\apache\logging\log4j\log4j-api\2.10.0\log4j-api-2.10.0.jar;C:\Users\gmihindou\.m2\repository\org\slf4j\jul-to-slf4j\1.7.25\jul-to-slf4j-1.7.25.jar;C:\Users\gmihindou\.m2\repository\javax\annotation\javax.annotation-api\1.3.2\javax.annotation-api-1.3.2.jar;C:\Users\gmihindou\.m2\repository\org\yaml\snakeyaml\1.19\snakeyaml-1.19.jar;C:\Users\gmihindou\.m2\repository\org\springframework\boot\spring-boot-starter-json\2.0.4.RELEASE\spring-boot-starter-json-2.0.4.RELEASE.jar;C:\Users\gmihindou\.m2\repository\com\fasterxml\jackson\core\jackson-databind\2.9.6\jackson-databind-2.9.6.jar;C:\Users\gmihindou\.m2\repository\com\fasterxml\jackson\core\jackson-annotations\2.9.0\jackson-annotations-2.9.0.jar;C:\Users\gmihindou\.m2\repository\com\fasterxml\jackson\core\jackson-core\2.9.6\jackson-core-2.9.6.jar;C:\Users\gmihindou\.m2\repository\com\fasterxml\jackson\datatype\jackson-datatype-jdk8\2.9.6\jackson-datatype-jdk8-2.9.6.jar;C:\Users\gmihindou\.m2\repository\com\fasterxml\jackson\datatype\jackson-datatype-jsr310\2.9.6\jackson-datatype-jsr310-2.9.6.jar;C:\Users\gmihindou\.m2\repository\com\fasterxml\jackson\module\jackson-module-parameter-names\2.9.6\jackson-module-parameter-names-2.9.6.jar;C:\Users\gmihindou\.m2\repository\org\springframework\boot\spring-boot-starter-tomcat\2.0.4.RELEASE\spring-boot-starter-tomcat-2.0.4.RELEASE.jar;C:\Users\gmihindou\.m2\repository\org\apache\tomcat\embed\tomcat-embed-core\8.5.32\tomcat-embed-core-8.5.32.jar;C:\Users\gmihindou\.m2\repository\org\apache\tomcat\embed\tomcat-embed-el\8.5.32\tomcat-embed-el-8.5.32.jar;C:\Users\gmihindou\.m2\repository\org\apache\tomcat\embed\tomcat-embed-websocket\8.5.32\tomcat-embed-websocket-8.5.32.jar;C:\Users\gmihindou\.m2\repository\org\hibernate\validator\hibernate-validator\6.0.11.Final\hibernate-validator-6.0.11.Final.jar;C:\Users\gmihindou\.m2\repository\javax\validation\validation-api\2.0.1.Final\validation-api-2.0.1.Final.jar;C:\Users\gmihindou\.m2\repository\org\jboss\logging\jboss-logging\3.3.2.Final\jboss-logging-3.3.2.Final.jar;C:\Users\gmihindou\.m2\repository\com\fasterxml\classmate\1.3.4\classmate-1.3.4.jar;C:\Users\gmihindou\.m2\repository\org\springframework\spring-web\5.0.8.RELEASE\spring-web-5.0.8.RELEASE.jar;C:\Users\gmihindou\.m2\repository\org\springframework\spring-beans\5.0.8.RELEASE\spring-beans-5.0.8.RELEASE.jar;C:\Users\gmihindou\.m2\repository\org\springframework\spring-webmvc\5.0.8.RELEASE\spring-webmvc-5.0.8.RELEASE.jar;C:\Users\gmihindou\.m2\repository\org\springframework\spring-aop\5.0.8.RELEASE\spring-aop-5.0.8.RELEASE.jar;C:\Users\gmihindou\.m2\repository\org\springframework\spring-context\5.0.8.RELEASE\spring-context-5.0.8.RELEASE.jar;C:\Users\gmihindou\.m2\repository\org\springframework\spring-expression\5.0.8.RELEASE\spring-expression-5.0.8.RELEASE.jar;C:\Users\gmihindou\.m2\repository\org\springframework\boot\spring-boot-devtools\2.0.4.RELEASE\spring-boot-devtools-2.0.4.RELEASE.jar;C:\Users\gmihindou\.m2\repository\org\springframework\boot\spring-boot\2.0.4.RELEASE\spring-boot-2.0.4.RELEASE.jar;C:\Users\gmihindou\.m2\repository\org\springframework\boot\spring-boot-autoconfigure\2.0.4.RELEASE\spring-boot-autoconfigure-2.0.4.RELEASE.jar;C:\Users\gmihindou\.m2\repository\org\springframework\boot\spring-boot-starter-test\2.0.4.RELEASE\spring-boot-starter-test-2.0.4.RELEASE.jar;C:\Users\gmihindou\.m2\repository\org\springframework\boot\spring-boot-test\2.0.4.RELEASE\spring-boot-test-2.0.4.RELEASE.jar;C:\Users\gmihindou\.m2\repository\org\springframework\boot\spring-boot-test-autoconfigure\2.0.4.RELEASE\spring-boot-test-autoconfigure-2.0.4.RELEASE.jar;C:\Users\gmihindou\.m2\repository\com\jayway\jsonpath\json-path\2.4.0\json-path-2.4.0.jar;C:\Users\gmihindou\.m2\repository\net\minidev\json-smart\2.3\json-smart-2.3.jar;C:\Users\gmihindou\.m2\repository\net\minidev\accessors-smart\1.2\accessors-smart-1.2.jar;C:\Users\gmihindou\.m2\repository\org\ow2\asm\asm\5.0.4\asm-5.0.4.jar;C:\Users\gmihindou\.m2\repository\org\slf4j\slf4j-api\1.7.25\slf4j-api-1.7.25.jar;C:\Users\gmihindou\.m2\repository\junit\junit\4.12\junit-4.12.jar;C:\Users\gmihindou\.m2\repository\org\assertj\assertj-core\3.9.1\assertj-core-3.9.1.jar;C:\Users\gmihindou\.m2\repository\org\mockito\mockito-core\2.15.0\mockito-core-2.15.0.jar;C:\Users\gmihindou\.m2\repository\net\bytebuddy\byte-buddy\1.7.11\byte-buddy-1.7.11.jar;C:\Users\gmihindou\.m2\repository\net\bytebuddy\byte-buddy-agent\1.7.11\byte-buddy-agent-1.7.11.jar;C:\Users\gmihindou\.m2\repository\org\objenesis\objenesis\2.6\objenesis-2.6.jar;C:\Users\gmihindou\.m2\repository\org\hamcrest\hamcrest-core\1.3\hamcrest-core-1.3.jar;C:\Users\gmihindou\.m2\repository\org\hamcrest\hamcrest-library\1.3\hamcrest-library-1.3.jar;C:\Users\gmihindou\.m2\repository\org\skyscreamer\jsonassert\1.5.0\jsonassert-1.5.0.jar;C:\Users\gmihindou\.m2\repository\com\vaadin\external\google\android-json\0.0.20131108.vaadin1\android-json-0.0.20131108.vaadin1.jar;C:\Users\gmihindou\.m2\repository\org\springframework\spring-core\5.0.8.RELEASE\spring-core-5.0.8.RELEASE.jar;C:\Users\gmihindou\.m2\repository\org\springframework\spring-jcl\5.0.8.RELEASE\spring-jcl-5.0.8.RELEASE.jar;C:\Users\gmihindou\.m2\repository\org\springframework\spring-test\5.0.8.RELEASE\spring-test-5.0.8.RELEASE.jar;C:\Users\gmihindou\.m2\repository\org\xmlunit\xmlunit-core\2.5.1\xmlunit-core-2.5.1.jar;C:\Users\gmihindou\.m2\repository\org\springframework\boot\spring-boot-starter-data-jpa\2.0.4.RELEASE\spring-boot-starter-data-jpa-2.0.4.RELEASE.jar;C:\Users\gmihindou\.m2\repository\org\springframework\boot\spring-boot-starter-aop\2.0.4.RELEASE\spring-boot-starter-aop-2.0.4.RELEASE.jar;C:\Users\gmihindou\.m2\repository\org\aspectj\aspectjweaver\1.8.13\aspectjweaver-1.8.13.jar;C:\Users\gmihindou\.m2\repository\org\springframework\boot\spring-boot-starter-jdbc\2.0.4.RELEASE\spring-boot-starter-jdbc-2.0.4.RELEASE.jar;C:\Users\gmihindou\.m2\repository\com\zaxxer\HikariCP\2.7.9\HikariCP-2.7.9.jar;C:\Users\gmihindou\.m2\repository\org\springframework\spring-jdbc\5.0.8.RELEASE\spring-jdbc-5.0.8.RELEASE.jar;C:\Users\gmihindou\.m2\repository\org\hibernate\hibernate-core\5.2.17.Final\hibernate-core-5.2.17.Final.jar;C:\Users\gmihindou\.m2\repository\org\hibernate\javax\persistence\hibernate-jpa-2.1-api\1.0.2.Final\hibernate-jpa-2.1-api-1.0.2.Final.jar;C:\Users\gmihindou\.m2\repository\org\javassist\javassist\3.22.0-GA\javassist-3.22.0-GA.jar;C:\Users\gmihindou\.m2\repository\antlr\antlr\2.7.7\antlr-2.7.7.jar;C:\Users\gmihindou\.m2\repository\org\jboss\jandex\2.0.3.Final\jandex-2.0.3.Final.jar;C:\Users\gmihindou\.m2\repository\dom4j\dom4j\1.6.1\dom4j-1.6.1.jar;C:\Users\gmihindou\.m2\repository\org\hibernate\common\hibernate-commons-annotations\5.0.1.Final\hibernate-commons-annotations-5.0.1.Final.jar;C:\Users\gmihindou\.m2\repository\javax\transaction\javax.transaction-api\1.2\javax.transaction-api-1.2.jar;C:\Users\gmihindou\.m2\repository\org\springframework\data\spring-data-jpa\2.0.9.RELEASE\spring-data-jpa-2.0.9.RELEASE.jar;C:\Users\gmihindou\.m2\repository\org\springframework\data\spring-data-commons\2.0.9.RELEASE\spring-data-commons-2.0.9.RELEASE.jar;C:\Users\gmihindou\.m2\repository\org\springframework\spring-orm\5.0.8.RELEASE\spring-orm-5.0.8.RELEASE.jar;C:\Users\gmihindou\.m2\repository\org\springframework\spring-tx\5.0.8.RELEASE\spring-tx-5.0.8.RELEASE.jar;C:\Users\gmihindou\.m2\repository\org\springframework\spring-aspects\5.0.8.RELEASE\spring-aspects-5.0.8.RELEASE.jar;C:\Users\gmihindou\.m2\repository\mysql\mysql-connector-java\5.1.46\mysql-connector-java-5.1.46.jar;C:\Users\gmihindou\Desktop\NGONDI\ngondi\ngondi-domain\target\ngondi-domain-0.4-SNAPSHOT.jar;, user.name=gmihindou, java.vm.specification.version=1.8, sun.java.command=C:\Users\GMIHIN~1\AppData\Local\Temp\surefire3983876529997774579\surefirebooter7677067244655180553.jar C:\Users\gmihindou\AppData\Local\Temp\surefire3983876529997774579 2019-09-16T01-26-34_030-jvmRun1 surefire3396645508792052299tmp surefire_06323548799839411616tmp, java.home=C:\Program Files\Java\jdk1.8.0_181\jre, sun.arch.data.model=64, user.language=fr, java.specification.vendor=Oracle Corporation, awt.toolkit=sun.awt.windows.WToolkit, java.vm.info=mixed mode, java.version=1.8.0_181, java.ext.dirs=C:\Program Files\Java\jdk1.8.0_181\jre\lib\ext;C:\WINDOWS\Sun\Java\lib\ext, sun.boot.class.path=C:\Program Files\Java\jdk1.8.0_181\jre\lib\resources.jar;C:\Program Files\Java\jdk1.8.0_181\jre\lib\rt.jar;C:\Program Files\Java\jdk1.8.0_181\jre\lib\sunrsasign.jar;C:\Program Files\Java\jdk1.8.0_181\jre\lib\jsse.jar;C:\Program Files\Java\jdk1.8.0_181\jre\lib\jce.jar;C:\Program Files\Java\jdk1.8.0_181\jre\lib\charsets.jar;C:\Program Files\Java\jdk1.8.0_181\jre\lib\jfr.jar;C:\Program Files\Java\jdk1.8.0_181\jre\classes, java.vendor=Oracle Corporation, com.zaxxer.hikari.pool_number=1, localRepository=C:\Users\gmihindou\.m2\repository, file.separator=\, java.vendor.url.bug=http://bugreport.sun.com/bugreport/, sun.io.unicode.encoding=UnicodeLittle, sun.cpu.endian=little, sun.desktop=windows, sun.cpu.isalist=amd64}}, SystemEnvironmentPropertySource@443645305 {name='systemEnvironment', properties={PATH=C:/Program Files/Java/jre1.8.0_181/bin/server;C:/Program Files/Java/jre1.8.0_181/bin;C:/Program Files/Java/jre1.8.0_181/lib/amd64;C:\Program Files (x86)\Common Files\Oracle\Java\javapath;C:\ProgramData\Oracle\Java\javapath;C:\WINDOWS\system32;C:\WINDOWS;C:\WINDOWS\System32\Wbem;C:\WINDOWS\System32\WindowsPowerShell\v1.0\;C:\WINDOWS\System32\OpenSSH\;C:\Program Files\nodejs\;C:\Program Files\Git\cmd;C:\Program Files\Java\jdk1.8.0_181\bin;C:\Program Files\apache-maven-3.5.4\bin;C:\Program Files (x86)\Intel\Intel(R) Management Engine Components\DAL;C:\Program Files\Intel\Intel(R) Management Engine Components\DAL;;C:\adb;C:\WINDOWS\system32;C:\WINDOWS;C:\WINDOWS\System32\Wbem;C:\WINDOWS\System32\WindowsPowerShell\v1.0\;C:\WINDOWS\System32\OpenSSH\;C:\Program Files\Intel\WiFi\bin\;C:\Program Files\Common Files\Intel\WirelessCommon\;C:\Program Files\Intel\WiFi\bin\;C:\Program Files\Common Files\Intel\WirelessCommon\;C:\Users\gmihindou\AppData\Local\Microsoft\WindowsApps;C:\Users\gmihindou\AppData\Local\GitHubDesktop\bin;C:\Users\gmihindou\Downloads\sts-bundle\sts-3.9.5.RELEASE;, USERDOMAIN_ROAMINGPROFILE=DEVOTEAM, PROCESSOR_LEVEL=6, SYSTEMDRIVE=C:, SESSIONNAME=Console, ALLUSERSPROFILE=C:\ProgramData, PROCESSOR_ARCHITECTURE=AMD64, DRIVERDATA=C:\Windows\System32\Drivers\DriverData, MAVEN_HOME=C:\Program Files\apache-maven-3.5.4, PROGRAMFILES=C:\Program Files, PSMODULEPATH=C:\Program Files\WindowsPowerShell\Modules;C:\WINDOWS\system32\WindowsPowerShell\v1.0\Modules, PROGRAMDATA=C:\ProgramData, USERNAME=gmihindou, USERDNSDOMAIN=FR.DEVOTEAM.COM, FPS_BROWSER_USER_PROFILE_STRING=Default, ONEDRIVE=C:\Users\gmihindou\OneDrive, PATHEXT=.COM;.EXE;.BAT;.CMD;.VBS;.VBE;.JS;.JSE;.WSF;.WSH;.MSC, ONEDRIVECONSUMER=C:\Users\gmihindou\OneDrive, DEVOTEAMPLATFORMLOCATION=FRGEN, WINDIR=C:\WINDOWS, HOMEPATH=\Users\gmihindou, PROCESSOR_IDENTIFIER=Intel64 Family 6 Model 142 Stepping 9, GenuineIntel, M2_HOME=C:\Program Files\apache-maven-3.5.4, PUBLIC=C:\Users\Public, =::=::\, LOCALAPPDATA=C:\Users\gmihindou\AppData\Local, COMMONPROGRAMFILES(X86)=C:\Program Files (x86)\Common Files, USERDOMAIN=DEVOTEAM, FPS_BROWSER_APP_PROFILE_STRING=Internet Explorer, LOGONSERVER=\\SVLVPADFR01, JAVA_HOME=C:\Program Files\Java\jdk1.8.0_181, PROMPT=$P$G, PROGRAMFILES(X86)=C:\Program Files (x86), =C:=C:\Users\gmihindou\Desktop\NGONDI\ngondi\ngondi-infrastructure, APPDATA=C:\Users\gmihindou\AppData\Roaming, PROGRAMW6432=C:\Program Files, SYSTEMROOT=C:\WINDOWS, DEVOTEAMPLATFORMBASE=W10Px64, OS=Windows_NT, COMMONPROGRAMW6432=C:\Program Files\Common Files, COMPUTERNAME=FRL0553, COMMONPROGRAMFILES=C:\Program Files\Common Files, COMSPEC=C:\WINDOWS\system32\cmd.exe, PROCESSOR_REVISION=8e09, TEMP=C:\Users\GMIHIN~1\AppData\Local\Temp, HOMEDRIVE=C:, USERPROFILE=C:\Users\gmihindou, DEVOTEAMPLATFORMVERSION=2018Q1, TMP=C:\Users\GMIHIN~1\AppData\Local\Temp, NUMBER_OF_PROCESSORS=4}}]
01:26:47.926 [main] DEBUG org.springframework.core.env.StandardEnvironment - Activating profiles []
01:26:47.926 [main] DEBUG org.springframework.test.context.support.AnnotationConfigContextLoader - Registering annotated classes: {class ngondi.ged.ga.infrastructure.service.test.FournisseurImplTest$conf}
01:26:47.931 [main] INFO org.springframework.context.support.GenericApplicationContext - Refreshing org.springframework.context.support.GenericApplicationContext@15994b0b: startup date [Mon Sep 16 01:26:47 CEST 2019]; root of context hierarchy
01:26:47.932 [main] DEBUG org.springframework.context.support.GenericApplicationContext - Bean factory for org.springframework.context.support.GenericApplicationContext@15994b0b: org.springframework.beans.factory.support.DefaultListableBeanFactory@4cb00fa5: defining beans [org.springframework.context.annotation.internalConfigurationAnnotationProcessor,org.springframework.context.annotation.internalAutowiredAnnotationProcessor,org.springframework.context.annotation.internalRequiredAnnotationProcessor,org.springframework.context.annotation.internalCommonAnnotationProcessor,org.springframework.context.annotation.internalPersistenceAnnotationProcessor,org.springframework.context.event.internalEventListenerProcessor,org.springframework.context.event.internalEventListenerFactory,fournisseurImplTest.conf,org.springframework.boot.test.mock.mockito.MockitoPostProcessor$SpyPostProcessor,org.springframework.boot.test.mock.mockito.MockitoPostProcessor]; root of factory hierarchy
01:26:47.977 [main] DEBUG org.springframework.beans.factory.support.DefaultListableBeanFactory - Creating shared instance of singleton bean 'org.springframework.context.annotation.internalConfigurationAnnotationProcessor'
01:26:47.977 [main] DEBUG org.springframework.beans.factory.support.DefaultListableBeanFactory - Creating instance of bean 'org.springframework.context.annotation.internalConfigurationAnnotationProcessor'
01:26:47.977 [main] DEBUG org.springframework.beans.factory.support.DefaultListableBeanFactory - Eagerly caching bean 'org.springframework.context.annotation.internalConfigurationAnnotationProcessor' to allow for resolving potential circular references
01:26:47.977 [main] DEBUG org.springframework.beans.factory.support.DefaultListableBeanFactory - Finished creating instance of bean 'org.springframework.context.annotation.internalConfigurationAnnotationProcessor'
01:26:47.980 [main] DEBUG org.springframework.context.annotation.ClassPathBeanDefinitionScanner - JSR-250 'javax.annotation.ManagedBean' found and supported for component scanning
01:26:47.982 [main] DEBUG org.springframework.core.io.support.PathMatchingResourcePatternResolver - Resolved classpath location [ngondi/ged/ga/infrastructure/] to resources [URL [file:/C:/Users/gmihindou/Desktop/NGONDI/ngondi/ngondi-infrastructure/target/test-classes/ngondi/ged/ga/infrastructure/], URL [file:/C:/Users/gmihindou/Desktop/NGONDI/ngondi/ngondi-infrastructure/target/classes/ngondi/ged/ga/infrastructure/]]
01:26:47.982 [main] DEBUG org.springframework.core.io.support.PathMatchingResourcePatternResolver - Looking for matching resources in directory tree [C:\Users\gmihindou\Desktop\NGONDI\ngondi\ngondi-infrastructure\target\test-classes\ngondi\ged\ga\infrastructure]
01:26:47.982 [main] DEBUG org.springframework.core.io.support.PathMatchingResourcePatternResolver - Searching directory [C:\Users\gmihindou\Desktop\NGONDI\ngondi\ngondi-infrastructure\target\test-classes\ngondi\ged\ga\infrastructure] for files matching pattern [C:/Users/gmihindou/Desktop/NGONDI/ngondi/ngondi-infrastructure/target/test-classes/ngondi/ged/ga/infrastructure/**/*.class]
01:26:47.983 [main] DEBUG org.springframework.core.io.support.PathMatchingResourcePatternResolver - Searching directory [C:\Users\gmihindou\Desktop\NGONDI\ngondi\ngondi-infrastructure\target\test-classes\ngondi\ged\ga\infrastructure\service] for files matching pattern [C:/Users/gmihindou/Desktop/NGONDI/ngondi/ngondi-infrastructure/target/test-classes/ngondi/ged/ga/infrastructure/**/*.class]
01:26:47.983 [main] DEBUG org.springframework.core.io.support.PathMatchingResourcePatternResolver - Searching directory [C:\Users\gmihindou\Desktop\NGONDI\ngondi\ngondi-infrastructure\target\test-classes\ngondi\ged\ga\infrastructure\service\test] for files matching pattern [C:/Users/gmihindou/Desktop/NGONDI/ngondi/ngondi-infrastructure/target/test-classes/ngondi/ged/ga/infrastructure/**/*.class]
01:26:47.985 [main] DEBUG org.springframework.core.io.support.PathMatchingResourcePatternResolver - Searching directory [C:\Users\gmihindou\Desktop\NGONDI\ngondi\ngondi-infrastructure\target\test-classes\ngondi\ged\ga\infrastructure\test] for files matching pattern [C:/Users/gmihindou/Desktop/NGONDI/ngondi/ngondi-infrastructure/target/test-classes/ngondi/ged/ga/infrastructure/**/*.class]
01:26:47.985 [main] DEBUG org.springframework.core.io.support.PathMatchingResourcePatternResolver - Looking for matching resources in directory tree [C:\Users\gmihindou\Desktop\NGONDI\ngondi\ngondi-infrastructure\target\classes\ngondi\ged\ga\infrastructure]
01:26:47.986 [main] DEBUG org.springframework.core.io.support.PathMatchingResourcePatternResolver - Searching directory [C:\Users\gmihindou\Desktop\NGONDI\ngondi\ngondi-infrastructure\target\classes\ngondi\ged\ga\infrastructure] for files matching pattern [C:/Users/gmihindou/Desktop/NGONDI/ngondi/ngondi-infrastructure/target/classes/ngondi/ged/ga/infrastructure/**/*.class]
01:26:47.988 [main] DEBUG org.springframework.core.io.support.PathMatchingResourcePatternResolver - Searching directory [C:\Users\gmihindou\Desktop\NGONDI\ngondi\ngondi-infrastructure\target\classes\ngondi\ged\ga\infrastructure\model] for files matching pattern [C:/Users/gmihindou/Desktop/NGONDI/ngondi/ngondi-infrastructure/target/classes/ngondi/ged/ga/infrastructure/**/*.class]
01:26:47.989 [main] DEBUG org.springframework.core.io.support.PathMatchingResourcePatternResolver - Searching directory [C:\Users\gmihindou\Desktop\NGONDI\ngondi\ngondi-infrastructure\target\classes\ngondi\ged\ga\infrastructure\service] for files matching pattern [C:/Users/gmihindou/Desktop/NGONDI/ngondi/ngondi-infrastructure/target/classes/ngondi/ged/ga/infrastructure/**/*.class]
01:26:47.992 [main] DEBUG org.springframework.core.io.support.PathMatchingResourcePatternResolver - Resolved location pattern [classpath*:ngondi/ged/ga/infrastructure/**/*.class] to resources [file [C:\Users\gmihindou\Desktop\NGONDI\ngondi\ngondi-infrastructure\target\test-classes\ngondi\ged\ga\infrastructure\service\test\ArchivageImplTest$conf.class], file [C:\Users\gmihindou\Desktop\NGONDI\ngondi\ngondi-infrastructure\target\test-classes\ngondi\ged\ga\infrastructure\service\test\ArchivageImplTest.class], file [C:\Users\gmihindou\Desktop\NGONDI\ngondi\ngondi-infrastructure\target\test-classes\ngondi\ged\ga\infrastructure\service\test\FournisseurImplTest$conf.class], file [C:\Users\gmihindou\Desktop\NGONDI\ngondi\ngondi-infrastructure\target\test-classes\ngondi\ged\ga\infrastructure\service\test\FournisseurImplTest.class], file [C:\Users\gmihindou\Desktop\NGONDI\ngondi\ngondi-infrastructure\target\test-classes\ngondi\ged\ga\infrastructure\test\NgondiInfrastructureApplicationTests.class], file [C:\Users\gmihindou\Desktop\NGONDI\ngondi\ngondi-infrastructure\target\classes\ngondi\ged\ga\infrastructure\model\DocumentEntity.class], file [C:\Users\gmihindou\Desktop\NGONDI\ngondi\ngondi-infrastructure\target\classes\ngondi\ged\ga\infrastructure\model\FournisseurEntity.class], file [C:\Users\gmihindou\Desktop\NGONDI\ngondi\ngondi-infrastructure\target\classes\ngondi\ged\ga\infrastructure\model\StatistiqueFournisseurEntity.class], file [C:\Users\gmihindou\Desktop\NGONDI\ngondi\ngondi-infrastructure\target\classes\ngondi\ged\ga\infrastructure\NgondiInfrastructureApplication.class], file [C:\Users\gmihindou\Desktop\NGONDI\ngondi\ngondi-infrastructure\target\classes\ngondi\ged\ga\infrastructure\PersistenceConfiguration.class], file [C:\Users\gmihindou\Desktop\NGONDI\ngondi\ngondi-infrastructure\target\classes\ngondi\ged\ga\infrastructure\service\ArchivageImpl.class], file [C:\Users\gmihindou\Desktop\NGONDI\ngondi\ngondi-infrastructure\target\classes\ngondi\ged\ga\infrastructure\service\Conf.class], file [C:\Users\gmihindou\Desktop\NGONDI\ngondi\ngondi-infrastructure\target\classes\ngondi\ged\ga\infrastructure\service\FournisseurImpl.class], file [C:\Users\gmihindou\Desktop\NGONDI\ngondi\ngondi-infrastructure\target\classes\ngondi\ged\ga\infrastructure\service\IArchivageDao.class], file [C:\Users\gmihindou\Desktop\NGONDI\ngondi\ngondi-infrastructure\target\classes\ngondi\ged\ga\infrastructure\service\IFournisseurDao.class]]
01:26:48.005 [main] DEBUG org.springframework.context.annotation.ClassPathBeanDefinitionScanner - Identified candidate component class: file [C:\Users\gmihindou\Desktop\NGONDI\ngondi\ngondi-infrastructure\target\test-classes\ngondi\ged\ga\infrastructure\service\test\ArchivageImplTest$conf.class]
01:26:48.019 [main] DEBUG org.springframework.context.annotation.ClassPathBeanDefinitionScanner - Identified candidate component class: file [C:\Users\gmihindou\Desktop\NGONDI\ngondi\ngondi-infrastructure\target\classes\ngondi\ged\ga\infrastructure\NgondiInfrastructureApplication.class]
01:26:48.020 [main] DEBUG org.springframework.context.annotation.ClassPathBeanDefinitionScanner - Identified candidate component class: file [C:\Users\gmihindou\Desktop\NGONDI\ngondi\ngondi-infrastructure\target\classes\ngondi\ged\ga\infrastructure\PersistenceConfiguration.class]
01:26:48.022 [main] DEBUG org.springframework.context.annotation.ClassPathBeanDefinitionScanner - Identified candidate component class: file [C:\Users\gmihindou\Desktop\NGONDI\ngondi\ngondi-infrastructure\target\classes\ngondi\ged\ga\infrastructure\service\ArchivageImpl.class]
01:26:48.023 [main] DEBUG org.springframework.context.annotation.ClassPathBeanDefinitionScanner - Identified candidate component class: file [C:\Users\gmihindou\Desktop\NGONDI\ngondi\ngondi-infrastructure\target\classes\ngondi\ged\ga\infrastructure\service\Conf.class]
01:26:48.024 [main] DEBUG org.springframework.context.annotation.ClassPathBeanDefinitionScanner - Identified candidate component class: file [C:\Users\gmihindou\Desktop\NGONDI\ngondi\ngondi-infrastructure\target\classes\ngondi\ged\ga\infrastructure\service\FournisseurImpl.class]
01:26:48.025 [main] DEBUG org.springframework.context.annotation.ClassPathBeanDefinitionScanner - Ignored because not a concrete top-level class: file [C:\Users\gmihindou\Desktop\NGONDI\ngondi\ngondi-infrastructure\target\classes\ngondi\ged\ga\infrastructure\service\IArchivageDao.class]
01:26:48.025 [main] DEBUG org.springframework.context.annotation.ClassPathBeanDefinitionScanner - Ignored because not a concrete top-level class: file [C:\Users\gmihindou\Desktop\NGONDI\ngondi\ngondi-infrastructure\target\classes\ngondi\ged\ga\infrastructure\service\IFournisseurDao.class]
01:26:48.030 [main] DEBUG org.springframework.core.io.support.PathMatchingResourcePatternResolver - Resolved classpath location [ngondi/ged/ga/domain/] to resources [URL [jar:file:/C:/Users/gmihindou/Desktop/NGONDI/ngondi/ngondi-domain/target/ngondi-domain-0.4-SNAPSHOT.jar!/ngondi/ged/ga/domain/]]
01:26:48.052 [main] DEBUG org.springframework.core.io.support.PathMatchingResourcePatternResolver - Looking for matching resources in jar file [file:/C:/Users/gmihindou/Desktop/NGONDI/ngondi/ngondi-domain/target/ngondi-domain-0.4-SNAPSHOT.jar]
01:26:48.054 [main] DEBUG org.springframework.core.io.support.PathMatchingResourcePatternResolver - Resolved location pattern [classpath*:ngondi/ged/ga/domain/**/*.class] to resources [URL [jar:file:/C:/Users/gmihindou/Desktop/NGONDI/ngondi/ngondi-domain/target/ngondi-domain-0.4-SNAPSHOT.jar!/ngondi/ged/ga/domain/archivage/structure/StatistiqueFournisseur.class], URL [jar:file:/C:/Users/gmihindou/Desktop/NGONDI/ngondi/ngondi-domain/target/ngondi-domain-0.4-SNAPSHOT.jar!/ngondi/ged/ga/domain/archivage/IArchivage.class], URL [jar:file:/C:/Users/gmihindou/Desktop/NGONDI/ngondi/ngondi-domain/target/ngondi-domain-0.4-SNAPSHOT.jar!/ngondi/ged/ga/domain/archivage/structure/DocumentOutput.class], URL [jar:file:/C:/Users/gmihindou/Desktop/NGONDI/ngondi/ngondi-domain/target/ngondi-domain-0.4-SNAPSHOT.jar!/ngondi/ged/ga/domain/archivage/structure/StatistiqueFournisseurOutput.class], URL [jar:file:/C:/Users/gmihindou/Desktop/NGONDI/ngondi/ngondi-domain/target/ngondi-domain-0.4-SNAPSHOT.jar!/ngondi/ged/ga/domain/archivage/FournisseurException.class], URL [jar:file:/C:/Users/gmihindou/Desktop/NGONDI/ngondi/ngondi-domain/target/ngondi-domain-0.4-SNAPSHOT.jar!/ngondi/ged/ga/domain/archivage/IFournisseur.class], URL [jar:file:/C:/Users/gmihindou/Desktop/NGONDI/ngondi/ngondi-domain/target/ngondi-domain-0.4-SNAPSHOT.jar!/ngondi/ged/ga/domain/archivage/structure/FournisseurInput.class], URL [jar:file:/C:/Users/gmihindou/Desktop/NGONDI/ngondi/ngondi-domain/target/ngondi-domain-0.4-SNAPSHOT.jar!/ngondi/ged/ga/domain/NgondiDomainApplication.class], URL [jar:file:/C:/Users/gmihindou/Desktop/NGONDI/ngondi/ngondi-domain/target/ngondi-domain-0.4-SNAPSHOT.jar!/ngondi/ged/ga/domain/archivage/ArchivageException.class], URL [jar:file:/C:/Users/gmihindou/Desktop/NGONDI/ngondi/ngondi-domain/target/ngondi-domain-0.4-SNAPSHOT.jar!/ngondi/ged/ga/domain/archivage/structure/DocumentInput.class], URL [jar:file:/C:/Users/gmihindou/Desktop/NGONDI/ngondi/ngondi-domain/target/ngondi-domain-0.4-SNAPSHOT.jar!/ngondi/ged/ga/domain/archivage/structure/FournisseurOuput.class]]
01:26:48.056 [main] DEBUG org.springframework.context.annotation.ClassPathBeanDefinitionScanner - Ignored because not a concrete top-level class: URL [jar:file:/C:/Users/gmihindou/Desktop/NGONDI/ngondi/ngondi-domain/target/ngondi-domain-0.4-SNAPSHOT.jar!/ngondi/ged/ga/domain/archivage/IArchivage.class]
01:26:48.060 [main] DEBUG org.springframework.context.annotation.ClassPathBeanDefinitionScanner - Ignored because not a concrete top-level class: URL [jar:file:/C:/Users/gmihindou/Desktop/NGONDI/ngondi/ngondi-domain/target/ngondi-domain-0.4-SNAPSHOT.jar!/ngondi/ged/ga/domain/archivage/IFournisseur.class]
01:26:48.067 [main] DEBUG org.springframework.context.annotation.ClassPathBeanDefinitionScanner - Identified candidate component class: URL [jar:file:/C:/Users/gmihindou/Desktop/NGONDI/ngondi/ngondi-domain/target/ngondi-domain-0.4-SNAPSHOT.jar!/ngondi/ged/ga/domain/NgondiDomainApplication.class]
01:26:48.073 [main] DEBUG org.springframework.context.annotation.ClassPathBeanDefinitionScanner - JSR-250 'javax.annotation.ManagedBean' found and supported for component scanning
01:26:48.076 [main] DEBUG org.springframework.core.io.support.PathMatchingResourcePatternResolver - Resolved classpath location [ngondi/ged/ga/infrastructure/] to resources [URL [file:/C:/Users/gmihindou/Desktop/NGONDI/ngondi/ngondi-infrastructure/target/test-classes/ngondi/ged/ga/infrastructure/], URL [file:/C:/Users/gmihindou/Desktop/NGONDI/ngondi/ngondi-infrastructure/target/classes/ngondi/ged/ga/infrastructure/]]
01:26:48.076 [main] DEBUG org.springframework.core.io.support.PathMatchingResourcePatternResolver - Looking for matching resources in directory tree [C:\Users\gmihindou\Desktop\NGONDI\ngondi\ngondi-infrastructure\target\test-classes\ngondi\ged\ga\infrastructure]
01:26:48.076 [main] DEBUG org.springframework.core.io.support.PathMatchingResourcePatternResolver - Searching directory [C:\Users\gmihindou\Desktop\NGONDI\ngondi\ngondi-infrastructure\target\test-classes\ngondi\ged\ga\infrastructure] for files matching pattern [C:/Users/gmihindou/Desktop/NGONDI/ngondi/ngondi-infrastructure/target/test-classes/ngondi/ged/ga/infrastructure/**/*.class]
01:26:48.077 [main] DEBUG org.springframework.core.io.support.PathMatchingResourcePatternResolver - Searching directory [C:\Users\gmihindou\Desktop\NGONDI\ngondi\ngondi-infrastructure\target\test-classes\ngondi\ged\ga\infrastructure\service] for files matching pattern [C:/Users/gmihindou/Desktop/NGONDI/ngondi/ngondi-infrastructure/target/test-classes/ngondi/ged/ga/infrastructure/**/*.class]
01:26:48.077 [main] DEBUG org.springframework.core.io.support.PathMatchingResourcePatternResolver - Searching directory [C:\Users\gmihindou\Desktop\NGONDI\ngondi\ngondi-infrastructure\target\test-classes\ngondi\ged\ga\infrastructure\service\test] for files matching pattern [C:/Users/gmihindou/Desktop/NGONDI/ngondi/ngondi-infrastructure/target/test-classes/ngondi/ged/ga/infrastructure/**/*.class]
01:26:48.078 [main] DEBUG org.springframework.core.io.support.PathMatchingResourcePatternResolver - Searching directory [C:\Users\gmihindou\Desktop\NGONDI\ngondi\ngondi-infrastructure\target\test-classes\ngondi\ged\ga\infrastructure\test] for files matching pattern [C:/Users/gmihindou/Desktop/NGONDI/ngondi/ngondi-infrastructure/target/test-classes/ngondi/ged/ga/infrastructure/**/*.class]
01:26:48.079 [main] DEBUG org.springframework.core.io.support.PathMatchingResourcePatternResolver - Looking for matching resources in directory tree [C:\Users\gmihindou\Desktop\NGONDI\ngondi\ngondi-infrastructure\target\classes\ngondi\ged\ga\infrastructure]
01:26:48.079 [main] DEBUG org.springframework.core.io.support.PathMatchingResourcePatternResolver - Searching directory [C:\Users\gmihindou\Desktop\NGONDI\ngondi\ngondi-infrastructure\target\classes\ngondi\ged\ga\infrastructure] for files matching pattern [C:/Users/gmihindou/Desktop/NGONDI/ngondi/ngondi-infrastructure/target/classes/ngondi/ged/ga/infrastructure/**/*.class]
01:26:48.079 [main] DEBUG org.springframework.core.io.support.PathMatchingResourcePatternResolver - Searching directory [C:\Users\gmihindou\Desktop\NGONDI\ngondi\ngondi-infrastructure\target\classes\ngondi\ged\ga\infrastructure\model] for files matching pattern [C:/Users/gmihindou/Desktop/NGONDI/ngondi/ngondi-infrastructure/target/classes/ngondi/ged/ga/infrastructure/**/*.class]
01:26:48.080 [main] DEBUG org.springframework.core.io.support.PathMatchingResourcePatternResolver - Searching directory [C:\Users\gmihindou\Desktop\NGONDI\ngondi\ngondi-infrastructure\target\classes\ngondi\ged\ga\infrastructure\service] for files matching pattern [C:/Users/gmihindou/Desktop/NGONDI/ngondi/ngondi-infrastructure/target/classes/ngondi/ged/ga/infrastructure/**/*.class]
01:26:48.081 [main] DEBUG org.springframework.core.io.support.PathMatchingResourcePatternResolver - Resolved location pattern [classpath*:ngondi/ged/ga/infrastructure/**/*.class] to resources [file [C:\Users\gmihindou\Desktop\NGONDI\ngondi\ngondi-infrastructure\target\test-classes\ngondi\ged\ga\infrastructure\service\test\ArchivageImplTest$conf.class], file [C:\Users\gmihindou\Desktop\NGONDI\ngondi\ngondi-infrastructure\target\test-classes\ngondi\ged\ga\infrastructure\service\test\ArchivageImplTest.class], file [C:\Users\gmihindou\Desktop\NGONDI\ngondi\ngondi-infrastructure\target\test-classes\ngondi\ged\ga\infrastructure\service\test\FournisseurImplTest$conf.class], file [C:\Users\gmihindou\Desktop\NGONDI\ngondi\ngondi-infrastructure\target\test-classes\ngondi\ged\ga\infrastructure\service\test\FournisseurImplTest.class], file [C:\Users\gmihindou\Desktop\NGONDI\ngondi\ngondi-infrastructure\target\test-classes\ngondi\ged\ga\infrastructure\test\NgondiInfrastructureApplicationTests.class], file [C:\Users\gmihindou\Desktop\NGONDI\ngondi\ngondi-infrastructure\target\classes\ngondi\ged\ga\infrastructure\model\DocumentEntity.class], file [C:\Users\gmihindou\Desktop\NGONDI\ngondi\ngondi-infrastructure\target\classes\ngondi\ged\ga\infrastructure\model\FournisseurEntity.class], file [C:\Users\gmihindou\Desktop\NGONDI\ngondi\ngondi-infrastructure\target\classes\ngondi\ged\ga\infrastructure\model\StatistiqueFournisseurEntity.class], file [C:\Users\gmihindou\Desktop\NGONDI\ngondi\ngondi-infrastructure\target\classes\ngondi\ged\ga\infrastructure\NgondiInfrastructureApplication.class], file [C:\Users\gmihindou\Desktop\NGONDI\ngondi\ngondi-infrastructure\target\classes\ngondi\ged\ga\infrastructure\PersistenceConfiguration.class], file [C:\Users\gmihindou\Desktop\NGONDI\ngondi\ngondi-infrastructure\target\classes\ngondi\ged\ga\infrastructure\service\ArchivageImpl.class], file [C:\Users\gmihindou\Desktop\NGONDI\ngondi\ngondi-infrastructure\target\classes\ngondi\ged\ga\infrastructure\service\Conf.class], file [C:\Users\gmihindou\Desktop\NGONDI\ngondi\ngondi-infrastructure\target\classes\ngondi\ged\ga\infrastructure\service\FournisseurImpl.class], file [C:\Users\gmihindou\Desktop\NGONDI\ngondi\ngondi-infrastructure\target\classes\ngondi\ged\ga\infrastructure\service\IArchivageDao.class], file [C:\Users\gmihindou\Desktop\NGONDI\ngondi\ngondi-infrastructure\target\classes\ngondi\ged\ga\infrastructure\service\IFournisseurDao.class]]
01:26:48.082 [main] DEBUG org.springframework.context.annotation.ClassPathBeanDefinitionScanner - Identified candidate component class: file [C:\Users\gmihindou\Desktop\NGONDI\ngondi\ngondi-infrastructure\target\test-classes\ngondi\ged\ga\infrastructure\service\test\FournisseurImplTest$conf.class]
01:26:48.082 [main] DEBUG org.springframework.context.annotation.ClassPathBeanDefinitionScanner - Identified candidate component class: file [C:\Users\gmihindou\Desktop\NGONDI\ngondi\ngondi-infrastructure\target\classes\ngondi\ged\ga\infrastructure\NgondiInfrastructureApplication.class]
01:26:48.083 [main] DEBUG org.springframework.context.annotation.ClassPathBeanDefinitionScanner - Identified candidate component class: file [C:\Users\gmihindou\Desktop\NGONDI\ngondi\ngondi-infrastructure\target\classes\ngondi\ged\ga\infrastructure\PersistenceConfiguration.class]
01:26:48.083 [main] DEBUG org.springframework.context.annotation.ClassPathBeanDefinitionScanner - Identified candidate component class: file [C:\Users\gmihindou\Desktop\NGONDI\ngondi\ngondi-infrastructure\target\classes\ngondi\ged\ga\infrastructure\service\ArchivageImpl.class]
01:26:48.083 [main] DEBUG org.springframework.context.annotation.ClassPathBeanDefinitionScanner - Identified candidate component class: file [C:\Users\gmihindou\Desktop\NGONDI\ngondi\ngondi-infrastructure\target\classes\ngondi\ged\ga\infrastructure\service\Conf.class]
01:26:48.083 [main] DEBUG org.springframework.context.annotation.ClassPathBeanDefinitionScanner - Identified candidate component class: file [C:\Users\gmihindou\Desktop\NGONDI\ngondi\ngondi-infrastructure\target\classes\ngondi\ged\ga\infrastructure\service\FournisseurImpl.class]
01:26:48.083 [main] DEBUG org.springframework.context.annotation.ClassPathBeanDefinitionScanner - Ignored because not a concrete top-level class: file [C:\Users\gmihindou\Desktop\NGONDI\ngondi\ngondi-infrastructure\target\classes\ngondi\ged\ga\infrastructure\service\IArchivageDao.class]
01:26:48.084 [main] DEBUG org.springframework.context.annotation.ClassPathBeanDefinitionScanner - Ignored because not a concrete top-level class: file [C:\Users\gmihindou\Desktop\NGONDI\ngondi\ngondi-infrastructure\target\classes\ngondi\ged\ga\infrastructure\service\IFournisseurDao.class]
01:26:48.084 [main] DEBUG org.springframework.core.io.support.PathMatchingResourcePatternResolver - Resolved classpath location [ngondi/ged/ga/domain/] to resources [URL [jar:file:/C:/Users/gmihindou/Desktop/NGONDI/ngondi/ngondi-domain/target/ngondi-domain-0.4-SNAPSHOT.jar!/ngondi/ged/ga/domain/]]
01:26:48.084 [main] DEBUG org.springframework.core.io.support.PathMatchingResourcePatternResolver - Looking for matching resources in jar file [file:/C:/Users/gmihindou/Desktop/NGONDI/ngondi/ngondi-domain/target/ngondi-domain-0.4-SNAPSHOT.jar]
01:26:48.085 [main] DEBUG org.springframework.core.io.support.PathMatchingResourcePatternResolver - Resolved location pattern [classpath*:ngondi/ged/ga/domain/**/*.class] to resources [URL [jar:file:/C:/Users/gmihindou/Desktop/NGONDI/ngondi/ngondi-domain/target/ngondi-domain-0.4-SNAPSHOT.jar!/ngondi/ged/ga/domain/archivage/structure/StatistiqueFournisseur.class], URL [jar:file:/C:/Users/gmihindou/Desktop/NGONDI/ngondi/ngondi-domain/target/ngondi-domain-0.4-SNAPSHOT.jar!/ngondi/ged/ga/domain/archivage/IArchivage.class], URL [jar:file:/C:/Users/gmihindou/Desktop/NGONDI/ngondi/ngondi-domain/target/ngondi-domain-0.4-SNAPSHOT.jar!/ngondi/ged/ga/domain/archivage/structure/DocumentOutput.class], URL [jar:file:/C:/Users/gmihindou/Desktop/NGONDI/ngondi/ngondi-domain/target/ngondi-domain-0.4-SNAPSHOT.jar!/ngondi/ged/ga/domain/archivage/structure/StatistiqueFournisseurOutput.class], URL [jar:file:/C:/Users/gmihindou/Desktop/NGONDI/ngondi/ngondi-domain/target/ngondi-domain-0.4-SNAPSHOT.jar!/ngondi/ged/ga/domain/archivage/FournisseurException.class], URL [jar:file:/C:/Users/gmihindou/Desktop/NGONDI/ngondi/ngondi-domain/target/ngondi-domain-0.4-SNAPSHOT.jar!/ngondi/ged/ga/domain/archivage/IFournisseur.class], URL [jar:file:/C:/Users/gmihindou/Desktop/NGONDI/ngondi/ngondi-domain/target/ngondi-domain-0.4-SNAPSHOT.jar!/ngondi/ged/ga/domain/archivage/structure/FournisseurInput.class], URL [jar:file:/C:/Users/gmihindou/Desktop/NGONDI/ngondi/ngondi-domain/target/ngondi-domain-0.4-SNAPSHOT.jar!/ngondi/ged/ga/domain/NgondiDomainApplication.class], URL [jar:file:/C:/Users/gmihindou/Desktop/NGONDI/ngondi/ngondi-domain/target/ngondi-domain-0.4-SNAPSHOT.jar!/ngondi/ged/ga/domain/archivage/ArchivageException.class], URL [jar:file:/C:/Users/gmihindou/Desktop/NGONDI/ngondi/ngondi-domain/target/ngondi-domain-0.4-SNAPSHOT.jar!/ngondi/ged/ga/domain/archivage/structure/DocumentInput.class], URL [jar:file:/C:/Users/gmihindou/Desktop/NGONDI/ngondi/ngondi-domain/target/ngondi-domain-0.4-SNAPSHOT.jar!/ngondi/ged/ga/domain/archivage/structure/FournisseurOuput.class]]
01:26:48.086 [main] DEBUG org.springframework.context.annotation.ClassPathBeanDefinitionScanner - Ignored because not a concrete top-level class: URL [jar:file:/C:/Users/gmihindou/Desktop/NGONDI/ngondi/ngondi-domain/target/ngondi-domain-0.4-SNAPSHOT.jar!/ngondi/ged/ga/domain/archivage/IArchivage.class]
01:26:48.086 [main] DEBUG org.springframework.context.annotation.ClassPathBeanDefinitionScanner - Ignored because not a concrete top-level class: URL [jar:file:/C:/Users/gmihindou/Desktop/NGONDI/ngondi/ngondi-domain/target/ngondi-domain-0.4-SNAPSHOT.jar!/ngondi/ged/ga/domain/archivage/IFournisseur.class]
01:26:48.086 [main] DEBUG org.springframework.context.annotation.ClassPathBeanDefinitionScanner - Identified candidate component class: URL [jar:file:/C:/Users/gmihindou/Desktop/NGONDI/ngondi/ngondi-domain/target/ngondi-domain-0.4-SNAPSHOT.jar!/ngondi/ged/ga/domain/NgondiDomainApplication.class]
01:26:48.092 [main] DEBUG org.springframework.context.annotation.ClassPathBeanDefinitionScanner - JSR-250 'javax.annotation.ManagedBean' found and supported for component scanning
01:26:48.093 [main] DEBUG org.springframework.core.io.support.PathMatchingResourcePatternResolver - Resolved classpath location [ngondi/ged/ga/infrastructure/] to resources [URL [file:/C:/Users/gmihindou/Desktop/NGONDI/ngondi/ngondi-infrastructure/target/test-classes/ngondi/ged/ga/infrastructure/], URL [file:/C:/Users/gmihindou/Desktop/NGONDI/ngondi/ngondi-infrastructure/target/classes/ngondi/ged/ga/infrastructure/]]
01:26:48.094 [main] DEBUG org.springframework.core.io.support.PathMatchingResourcePatternResolver - Looking for matching resources in directory tree [C:\Users\gmihindou\Desktop\NGONDI\ngondi\ngondi-infrastructure\target\test-classes\ngondi\ged\ga\infrastructure]
01:26:48.094 [main] DEBUG org.springframework.core.io.support.PathMatchingResourcePatternResolver - Searching directory [C:\Users\gmihindou\Desktop\NGONDI\ngondi\ngondi-infrastructure\target\test-classes\ngondi\ged\ga\infrastructure] for files matching pattern [C:/Users/gmihindou/Desktop/NGONDI/ngondi/ngondi-infrastructure/target/test-classes/ngondi/ged/ga/infrastructure/**/*.class]
01:26:48.095 [main] DEBUG org.springframework.core.io.support.PathMatchingResourcePatternResolver - Searching directory [C:\Users\gmihindou\Desktop\NGONDI\ngondi\ngondi-infrastructure\target\test-classes\ngondi\ged\ga\infrastructure\service] for files matching pattern [C:/Users/gmihindou/Desktop/NGONDI/ngondi/ngondi-infrastructure/target/test-classes/ngondi/ged/ga/infrastructure/**/*.class]
01:26:48.095 [main] DEBUG org.springframework.core.io.support.PathMatchingResourcePatternResolver - Searching directory [C:\Users\gmihindou\Desktop\NGONDI\ngondi\ngondi-infrastructure\target\test-classes\ngondi\ged\ga\infrastructure\service\test] for files matching pattern [C:/Users/gmihindou/Desktop/NGONDI/ngondi/ngondi-infrastructure/target/test-classes/ngondi/ged/ga/infrastructure/**/*.class]
01:26:48.097 [main] DEBUG org.springframework.core.io.support.PathMatchingResourcePatternResolver - Searching directory [C:\Users\gmihindou\Desktop\NGONDI\ngondi\ngondi-infrastructure\target\test-classes\ngondi\ged\ga\infrastructure\test] for files matching pattern [C:/Users/gmihindou/Desktop/NGONDI/ngondi/ngondi-infrastructure/target/test-classes/ngondi/ged/ga/infrastructure/**/*.class]
01:26:48.098 [main] DEBUG org.springframework.core.io.support.PathMatchingResourcePatternResolver - Looking for matching resources in directory tree [C:\Users\gmihindou\Desktop\NGONDI\ngondi\ngondi-infrastructure\target\classes\ngondi\ged\ga\infrastructure]
01:26:48.098 [main] DEBUG org.springframework.core.io.support.PathMatchingResourcePatternResolver - Searching directory [C:\Users\gmihindou\Desktop\NGONDI\ngondi\ngondi-infrastructure\target\classes\ngondi\ged\ga\infrastructure] for files matching pattern [C:/Users/gmihindou/Desktop/NGONDI/ngondi/ngondi-infrastructure/target/classes/ngondi/ged/ga/infrastructure/**/*.class]
01:26:48.099 [main] DEBUG org.springframework.core.io.support.PathMatchingResourcePatternResolver - Searching directory [C:\Users\gmihindou\Desktop\NGONDI\ngondi\ngondi-infrastructure\target\classes\ngondi\ged\ga\infrastructure\model] for files matching pattern [C:/Users/gmihindou/Desktop/NGONDI/ngondi/ngondi-infrastructure/target/classes/ngondi/ged/ga/infrastructure/**/*.class]
01:26:48.102 [main] DEBUG org.springframework.core.io.support.PathMatchingResourcePatternResolver - Searching directory [C:\Users\gmihindou\Desktop\NGONDI\ngondi\ngondi-infrastructure\target\classes\ngondi\ged\ga\infrastructure\service] for files matching pattern [C:/Users/gmihindou/Desktop/NGONDI/ngondi/ngondi-infrastructure/target/classes/ngondi/ged/ga/infrastructure/**/*.class]
01:26:48.103 [main] DEBUG org.springframework.core.io.support.PathMatchingResourcePatternResolver - Resolved location pattern [classpath*:ngondi/ged/ga/infrastructure/**/*.class] to resources [file [C:\Users\gmihindou\Desktop\NGONDI\ngondi\ngondi-infrastructure\target\test-classes\ngondi\ged\ga\infrastructure\service\test\ArchivageImplTest$conf.class], file [C:\Users\gmihindou\Desktop\NGONDI\ngondi\ngondi-infrastructure\target\test-classes\ngondi\ged\ga\infrastructure\service\test\ArchivageImplTest.class], file [C:\Users\gmihindou\Desktop\NGONDI\ngondi\ngondi-infrastructure\target\test-classes\ngondi\ged\ga\infrastructure\service\test\FournisseurImplTest$conf.class], file [C:\Users\gmihindou\Desktop\NGONDI\ngondi\ngondi-infrastructure\target\test-classes\ngondi\ged\ga\infrastructure\service\test\FournisseurImplTest.class], file [C:\Users\gmihindou\Desktop\NGONDI\ngondi\ngondi-infrastructure\target\test-classes\ngondi\ged\ga\infrastructure\test\NgondiInfrastructureApplicationTests.class], file [C:\Users\gmihindou\Desktop\NGONDI\ngondi\ngondi-infrastructure\target\classes\ngondi\ged\ga\infrastructure\model\DocumentEntity.class], file [C:\Users\gmihindou\Desktop\NGONDI\ngondi\ngondi-infrastructure\target\classes\ngondi\ged\ga\infrastructure\model\FournisseurEntity.class], file [C:\Users\gmihindou\Desktop\NGONDI\ngondi\ngondi-infrastructure\target\classes\ngondi\ged\ga\infrastructure\model\StatistiqueFournisseurEntity.class], file [C:\Users\gmihindou\Desktop\NGONDI\ngondi\ngondi-infrastructure\target\classes\ngondi\ged\ga\infrastructure\NgondiInfrastructureApplication.class], file [C:\Users\gmihindou\Desktop\NGONDI\ngondi\ngondi-infrastructure\target\classes\ngondi\ged\ga\infrastructure\PersistenceConfiguration.class], file [C:\Users\gmihindou\Desktop\NGONDI\ngondi\ngondi-infrastructure\target\classes\ngondi\ged\ga\infrastructure\service\ArchivageImpl.class], file [C:\Users\gmihindou\Desktop\NGONDI\ngondi\ngondi-infrastructure\target\classes\ngondi\ged\ga\infrastructure\service\Conf.class], file [C:\Users\gmihindou\Desktop\NGONDI\ngondi\ngondi-infrastructure\target\classes\ngondi\ged\ga\infrastructure\service\FournisseurImpl.class], file [C:\Users\gmihindou\Desktop\NGONDI\ngondi\ngondi-infrastructure\target\classes\ngondi\ged\ga\infrastructure\service\IArchivageDao.class], file [C:\Users\gmihindou\Desktop\NGONDI\ngondi\ngondi-infrastructure\target\classes\ngondi\ged\ga\infrastructure\service\IFournisseurDao.class]]
01:26:48.105 [main] DEBUG org.springframework.beans.factory.support.DefaultListableBeanFactory - Returning cached instance of singleton bean 'org.springframework.boot.test.context.filter.TestTypeExcludeFilter'
01:26:48.106 [main] DEBUG org.springframework.beans.factory.support.DefaultListableBeanFactory - Returning cached instance of singleton bean 'org.springframework.boot.test.context.filter.TestTypeExcludeFilter'
01:26:48.107 [main] DEBUG org.springframework.beans.factory.support.DefaultListableBeanFactory - Returning cached instance of singleton bean 'org.springframework.boot.test.context.filter.TestTypeExcludeFilter'
01:26:48.110 [main] DEBUG org.springframework.beans.factory.support.DefaultListableBeanFactory - Returning cached instance of singleton bean 'org.springframework.boot.test.context.filter.TestTypeExcludeFilter'
01:26:48.111 [main] DEBUG org.springframework.beans.factory.support.DefaultListableBeanFactory - Returning cached instance of singleton bean 'org.springframework.boot.test.context.filter.TestTypeExcludeFilter'
01:26:48.111 [main] DEBUG org.springframework.beans.factory.support.DefaultListableBeanFactory - Returning cached instance of singleton bean 'org.springframework.boot.test.context.filter.TestTypeExcludeFilter'
01:26:48.115 [main] DEBUG org.springframework.beans.factory.support.DefaultListableBeanFactory - Returning cached instance of singleton bean 'org.springframework.boot.test.context.filter.TestTypeExcludeFilter'
01:26:48.115 [main] DEBUG org.springframework.beans.factory.support.DefaultListableBeanFactory - Returning cached instance of singleton bean 'org.springframework.boot.test.context.filter.TestTypeExcludeFilter'
01:26:48.115 [main] DEBUG org.springframework.beans.factory.support.DefaultListableBeanFactory - Returning cached instance of singleton bean 'org.springframework.boot.test.context.filter.TestTypeExcludeFilter'
01:26:48.115 [main] DEBUG org.springframework.context.annotation.ClassPathBeanDefinitionScanner - Identified candidate component class: file [C:\Users\gmihindou\Desktop\NGONDI\ngondi\ngondi-infrastructure\target\classes\ngondi\ged\ga\infrastructure\PersistenceConfiguration.class]
01:26:48.116 [main] DEBUG org.springframework.beans.factory.support.DefaultListableBeanFactory - Returning cached instance of singleton bean 'org.springframework.boot.test.context.filter.TestTypeExcludeFilter'
01:26:48.116 [main] DEBUG org.springframework.context.annotation.ClassPathBeanDefinitionScanner - Identified candidate component class: file [C:\Users\gmihindou\Desktop\NGONDI\ngondi\ngondi-infrastructure\target\classes\ngondi\ged\ga\infrastructure\service\ArchivageImpl.class]
01:26:48.116 [main] DEBUG org.springframework.beans.factory.support.DefaultListableBeanFactory - Returning cached instance of singleton bean 'org.springframework.boot.test.context.filter.TestTypeExcludeFilter'
01:26:48.116 [main] DEBUG org.springframework.context.annotation.ClassPathBeanDefinitionScanner - Identified candidate component class: file [C:\Users\gmihindou\Desktop\NGONDI\ngondi\ngondi-infrastructure\target\classes\ngondi\ged\ga\infrastructure\service\Conf.class]
01:26:48.116 [main] DEBUG org.springframework.beans.factory.support.DefaultListableBeanFactory - Returning cached instance of singleton bean 'org.springframework.boot.test.context.filter.TestTypeExcludeFilter'
01:26:48.117 [main] DEBUG org.springframework.context.annotation.ClassPathBeanDefinitionScanner - Identified candidate component class: file [C:\Users\gmihindou\Desktop\NGONDI\ngondi\ngondi-infrastructure\target\classes\ngondi\ged\ga\infrastructure\service\FournisseurImpl.class]
01:26:48.117 [main] DEBUG org.springframework.beans.factory.support.DefaultListableBeanFactory - Returning cached instance of singleton bean 'org.springframework.boot.test.context.filter.TestTypeExcludeFilter'
01:26:48.117 [main] DEBUG org.springframework.context.annotation.ClassPathBeanDefinitionScanner - Ignored because not a concrete top-level class: file [C:\Users\gmihindou\Desktop\NGONDI\ngondi\ngondi-infrastructure\target\classes\ngondi\ged\ga\infrastructure\service\IArchivageDao.class]
01:26:48.117 [main] DEBUG org.springframework.beans.factory.support.DefaultListableBeanFactory - Returning cached instance of singleton bean 'org.springframework.boot.test.context.filter.TestTypeExcludeFilter'
01:26:48.117 [main] DEBUG org.springframework.context.annotation.ClassPathBeanDefinitionScanner - Ignored because not a concrete top-level class: file [C:\Users\gmihindou\Desktop\NGONDI\ngondi\ngondi-infrastructure\target\classes\ngondi\ged\ga\infrastructure\service\IFournisseurDao.class]
01:26:48.144 [main] DEBUG org.springframework.core.env.StandardEnvironment - Adding PropertySource 'class path resource [application.properties]' with lowest search precedence
01:26:48.148 [main] DEBUG org.springframework.context.annotation.ClassPathBeanDefinitionScanner - JSR-250 'javax.annotation.ManagedBean' found and supported for component scanning
01:26:48.149 [main] DEBUG org.springframework.core.io.support.PathMatchingResourcePatternResolver - Resolved classpath location [ngondi/ged/ga/domain/] to resources [URL [jar:file:/C:/Users/gmihindou/Desktop/NGONDI/ngondi/ngondi-domain/target/ngondi-domain-0.4-SNAPSHOT.jar!/ngondi/ged/ga/domain/]]
01:26:48.149 [main] DEBUG org.springframework.core.io.support.PathMatchingResourcePatternResolver - Looking for matching resources in jar file [file:/C:/Users/gmihindou/Desktop/NGONDI/ngondi/ngondi-domain/target/ngondi-domain-0.4-SNAPSHOT.jar]
01:26:48.150 [main] DEBUG org.springframework.core.io.support.PathMatchingResourcePatternResolver - Resolved location pattern [classpath*:ngondi/ged/ga/domain/**/*.class] to resources [URL [jar:file:/C:/Users/gmihindou/Desktop/NGONDI/ngondi/ngondi-domain/target/ngondi-domain-0.4-SNAPSHOT.jar!/ngondi/ged/ga/domain/archivage/structure/StatistiqueFournisseur.class], URL [jar:file:/C:/Users/gmihindou/Desktop/NGONDI/ngondi/ngondi-domain/target/ngondi-domain-0.4-SNAPSHOT.jar!/ngondi/ged/ga/domain/archivage/IArchivage.class], URL [jar:file:/C:/Users/gmihindou/Desktop/NGONDI/ngondi/ngondi-domain/target/ngondi-domain-0.4-SNAPSHOT.jar!/ngondi/ged/ga/domain/archivage/structure/DocumentOutput.class], URL [jar:file:/C:/Users/gmihindou/Desktop/NGONDI/ngondi/ngondi-domain/target/ngondi-domain-0.4-SNAPSHOT.jar!/ngondi/ged/ga/domain/archivage/structure/StatistiqueFournisseurOutput.class], URL [jar:file:/C:/Users/gmihindou/Desktop/NGONDI/ngondi/ngondi-domain/target/ngondi-domain-0.4-SNAPSHOT.jar!/ngondi/ged/ga/domain/archivage/FournisseurException.class], URL [jar:file:/C:/Users/gmihindou/Desktop/NGONDI/ngondi/ngondi-domain/target/ngondi-domain-0.4-SNAPSHOT.jar!/ngondi/ged/ga/domain/archivage/IFournisseur.class], URL [jar:file:/C:/Users/gmihindou/Desktop/NGONDI/ngondi/ngondi-domain/target/ngondi-domain-0.4-SNAPSHOT.jar!/ngondi/ged/ga/domain/archivage/structure/FournisseurInput.class], URL [jar:file:/C:/Users/gmihindou/Desktop/NGONDI/ngondi/ngondi-domain/target/ngondi-domain-0.4-SNAPSHOT.jar!/ngondi/ged/ga/domain/NgondiDomainApplication.class], URL [jar:file:/C:/Users/gmihindou/Desktop/NGONDI/ngondi/ngondi-domain/target/ngondi-domain-0.4-SNAPSHOT.jar!/ngondi/ged/ga/domain/archivage/ArchivageException.class], URL [jar:file:/C:/Users/gmihindou/Desktop/NGONDI/ngondi/ngondi-domain/target/ngondi-domain-0.4-SNAPSHOT.jar!/ngondi/ged/ga/domain/archivage/structure/DocumentInput.class], URL [jar:file:/C:/Users/gmihindou/Desktop/NGONDI/ngondi/ngondi-domain/target/ngondi-domain-0.4-SNAPSHOT.jar!/ngondi/ged/ga/domain/archivage/structure/FournisseurOuput.class]]
01:26:48.150 [main] DEBUG org.springframework.beans.factory.support.DefaultListableBeanFactory - Returning cached instance of singleton bean 'org.springframework.boot.test.context.filter.TestTypeExcludeFilter'
01:26:48.150 [main] DEBUG org.springframework.beans.factory.support.DefaultListableBeanFactory - Returning cached instance of singleton bean 'org.springframework.boot.test.context.filter.TestTypeExcludeFilter'
01:26:48.150 [main] DEBUG org.springframework.context.annotation.ClassPathBeanDefinitionScanner - Ignored because not a concrete top-level class: URL [jar:file:/C:/Users/gmihindou/Desktop/NGONDI/ngondi/ngondi-domain/target/ngondi-domain-0.4-SNAPSHOT.jar!/ngondi/ged/ga/domain/archivage/IArchivage.class]
01:26:48.150 [main] DEBUG org.springframework.beans.factory.support.DefaultListableBeanFactory - Returning cached instance of singleton bean 'org.springframework.boot.test.context.filter.TestTypeExcludeFilter'
[...]
01:26:50.511 [main] DEBUG org.springframework.test.context.cache - Spring test ApplicationContext cache statistics: [DefaultContextCache@14e750c5 size = 2, maxSize = 32, parentContextCount = 0, hitCount = 57, missCount = 2]
01:26:50.511 [main] DEBUG org.springframework.test.context.cache.DefaultCacheAwareContextLoaderDelegate - Retrieved ApplicationContext from cache with key [[MergedContextConfiguration@53bb71e5 testClass = FournisseurImplTest, locations = '{}', classes = '{class ngondi.ged.ga.infrastructure.service.test.FournisseurImplTest$conf}', contextInitializerClasses = '[]', activeProfiles = '{}', propertySourceLocations = '{}', propertySourceProperties = '{}', contextCustomizers = set[org.springframework.boot.test.context.filter.ExcludeFilterContextCustomizer@1e4a7dd4, org.springframework.boot.test.json.DuplicateJsonObjectContextCustomizerFactory$DuplicateJsonObjectContextCustomizer@133e16fd, org.springframework.boot.test.mock.mockito.MockitoContextCustomizer@0, org.springframework.boot.test.autoconfigure.properties.PropertyMappingContextCustomizer@0, org.springframework.boot.test.autoconfigure.web.servlet.WebDriverContextCustomizerFactory$Customizer@1176dcec], contextLoader = 'org.springframework.test.context.support.DelegatingSmartContextLoader', parent = [null]]]
01:26:50.511 [main] DEBUG org.springframework.test.context.cache - Spring test ApplicationContext cache statistics: [DefaultContextCache@14e750c5 size = 2, maxSize = 32, parentContextCount = 0, hitCount = 58, missCount = 2]
01:26:50.512 [main] DEBUG org.springframework.test.context.cache.DefaultCacheAwareContextLoaderDelegate - Retrieved ApplicationContext from cache with key [[MergedContextConfiguration@53bb71e5 testClass = FournisseurImplTest, locations = '{}', classes = '{class ngondi.ged.ga.infrastructure.service.test.FournisseurImplTest$conf}', contextInitializerClasses = '[]', activeProfiles = '{}', propertySourceLocations = '{}', propertySourceProperties = '{}', contextCustomizers = set[org.springframework.boot.test.context.filter.ExcludeFilterContextCustomizer@1e4a7dd4, org.springframework.boot.test.json.DuplicateJsonObjectContextCustomizerFactory$DuplicateJsonObjectContextCustomizer@133e16fd, org.springframework.boot.test.mock.mockito.MockitoContextCustomizer@0, org.springframework.boot.test.autoconfigure.properties.PropertyMappingContextCustomizer@0, org.springframework.boot.test.autoconfigure.web.servlet.WebDriverContextCustomizerFactory$Customizer@1176dcec], contextLoader = 'org.springframework.test.context.support.DelegatingSmartContextLoader', parent = [null]]]
01:26:50.512 [main] DEBUG org.springframework.test.context.cache - Spring test ApplicationContext cache statistics: [DefaultContextCache@14e750c5 size = 2, maxSize = 32, parentContextCount = 0, hitCount = 59, missCount = 2]
01:26:50.513 [main] DEBUG org.springframework.beans.factory.support.DefaultListableBeanFactory - Returning cached instance of singleton bean 'org.springframework.boot.test.mock.mockito.MockitoBeans'
01:26:50.513 [main] DEBUG org.springframework.test.context.support.AbstractDirtiesContextTestExecutionListener - After test method: context [DefaultTestContext@1412682c testClass = FournisseurImplTest, testInstance = ngondi.ged.ga.infrastructure.service.test.FournisseurImplTest@68a426c3, testMethod = testDeleteDocOfFournisseur@FournisseurImplTest, testException = java.lang.IllegalArgumentException: Source must not be null, mergedContextConfiguration = [MergedContextConfiguration@53bb71e5 testClass = FournisseurImplTest, locations = '{}', classes = '{class ngondi.ged.ga.infrastructure.service.test.FournisseurImplTest$conf}', contextInitializerClasses = '[]', activeProfiles = '{}', propertySourceLocations = '{}', propertySourceProperties = '{}', contextCustomizers = set[org.springframework.boot.test.context.filter.ExcludeFilterContextCustomizer@1e4a7dd4, org.springframework.boot.test.json.DuplicateJsonObjectContextCustomizerFactory$DuplicateJsonObjectContextCustomizer@133e16fd, org.springframework.boot.test.mock.mockito.MockitoContextCustomizer@0, org.springframework.boot.test.autoconfigure.properties.PropertyMappingContextCustomizer@0, org.springframework.boot.test.autoconfigure.web.servlet.WebDriverContextCustomizerFactory$Customizer@1176dcec], contextLoader = 'org.springframework.test.context.support.DelegatingSmartContextLoader', parent = [null]], attributes = map[[empty]]], class annotated with @DirtiesContext [false] with mode [null], method annotated with @DirtiesContext [false] with mode [null].
]]></system-out>
  </testcase>
  <testcase name="testGetFournisseur" classname="ngondi.ged.ga.infrastructure.service.test.FournisseurImplTest" time="0.003">
    <error message="Source must not be null" type="java.lang.IllegalArgumentException">java.lang.IllegalArgumentException: Source must not be null
	at ngondi.ged.ga.infrastructure.service.test.FournisseurImplTest.testGetFournisseur(FournisseurImplTest.java:99)
</error>
    <system-out><![CDATA[01:26:50.513 [main] DEBUG org.springframework.test.annotation.ProfileValueUtils - Retrieved @ProfileValueSourceConfiguration [null] for test class [ngondi.ged.ga.infrastructure.service.test.FournisseurImplTest]
01:26:50.513 [main] DEBUG org.springframework.test.annotation.ProfileValueUtils - Retrieved ProfileValueSource type [class org.springframework.test.annotation.SystemProfileValueSource] for class [ngondi.ged.ga.infrastructure.service.test.FournisseurImplTest]
01:26:50.513 [main] DEBUG org.springframework.test.context.support.DependencyInjectionTestExecutionListener - Performing dependency injection for test context [[DefaultTestContext@1412682c testClass = FournisseurImplTest, testInstance = ngondi.ged.ga.infrastructure.service.test.FournisseurImplTest@182cc69e, testMethod = [null], testException = [null], mergedContextConfiguration = [MergedContextConfiguration@53bb71e5 testClass = FournisseurImplTest, locations = '{}', classes = '{class ngondi.ged.ga.infrastructure.service.test.FournisseurImplTest$conf}', contextInitializerClasses = '[]', activeProfiles = '{}', propertySourceLocations = '{}', propertySourceProperties = '{}', contextCustomizers = set[org.springframework.boot.test.context.filter.ExcludeFilterContextCustomizer@1e4a7dd4, org.springframework.boot.test.json.DuplicateJsonObjectContextCustomizerFactory$DuplicateJsonObjectContextCustomizer@133e16fd, org.springframework.boot.test.mock.mockito.MockitoContextCustomizer@0, org.springframework.boot.test.autoconfigure.properties.PropertyMappingContextCustomizer@0, org.springframework.boot.test.autoconfigure.web.servlet.WebDriverContextCustomizerFactory$Customizer@1176dcec], contextLoader = 'org.springframework.test.context.support.DelegatingSmartContextLoader', parent = [null]], attributes = map[[empty]]]].
01:26:50.513 [main] DEBUG org.springframework.test.context.cache.DefaultCacheAwareContextLoaderDelegate - Retrieved ApplicationContext from cache with key [[MergedContextConfiguration@53bb71e5 testClass = FournisseurImplTest, locations = '{}', classes = '{class ngondi.ged.ga.infrastructure.service.test.FournisseurImplTest$conf}', contextInitializerClasses = '[]', activeProfiles = '{}', propertySourceLocations = '{}', propertySourceProperties = '{}', contextCustomizers = set[org.springframework.boot.test.context.filter.ExcludeFilterContextCustomizer@1e4a7dd4, org.springframework.boot.test.json.DuplicateJsonObjectContextCustomizerFactory$DuplicateJsonObjectContextCustomizer@133e16fd, org.springframework.boot.test.mock.mockito.MockitoContextCustomizer@0, org.springframework.boot.test.autoconfigure.properties.PropertyMappingContextCustomizer@0, org.springframework.boot.test.autoconfigure.web.servlet.WebDriverContextCustomizerFactory$Customizer@1176dcec], contextLoader = 'org.springframework.test.context.support.DelegatingSmartContextLoader', parent = [null]]]
01:26:50.513 [main] DEBUG org.springframework.test.context.cache - Spring test ApplicationContext cache statistics: [DefaultContextCache@14e750c5 size = 2, maxSize = 32, parentContextCount = 0, hitCount = 60, missCount = 2]
01:26:50.514 [main] DEBUG org.springframework.beans.factory.annotation.InjectionMetadata - Processing injected element of bean 'ngondi.ged.ga.infrastructure.service.test.FournisseurImplTest': AutowiredFieldElement for private transient ngondi.ged.ga.infrastructure.service.FournisseurImpl ngondi.ged.ga.infrastructure.service.test.FournisseurImplTest.fournisseurImpl
01:26:50.514 [main] DEBUG org.springframework.beans.factory.support.DefaultListableBeanFactory - Returning cached instance of singleton bean 'fournisseurImpl'
01:26:50.514 [main] DEBUG org.springframework.beans.factory.annotation.InjectionMetadata - Processing injected element of bean 'ngondi.ged.ga.infrastructure.service.test.FournisseurImplTest': AutowiredFieldElement for private transient ngondi.ged.ga.infrastructure.service.IFournisseurDao ngondi.ged.ga.infrastructure.service.test.FournisseurImplTest.fournisseurDao
01:26:50.514 [main] DEBUG org.springframework.beans.factory.support.DefaultListableBeanFactory - Returning cached instance of singleton bean 'IFournisseurDao'
01:26:50.514 [main] DEBUG org.springframework.beans.factory.annotation.InjectionMetadata - Processing injected element of bean 'ngondi.ged.ga.infrastructure.service.test.FournisseurImplTest': AutowiredFieldElement for private transient ngondi.ged.ga.infrastructure.service.ArchivageImpl ngondi.ged.ga.infrastructure.service.test.FournisseurImplTest.archivageImpl
01:26:50.514 [main] DEBUG org.springframework.beans.factory.support.DefaultListableBeanFactory - Returning cached instance of singleton bean 'archivageImpl'
01:26:50.514 [main] DEBUG org.springframework.test.context.support.AbstractDirtiesContextTestExecutionListener - Before test method: context [DefaultTestContext@1412682c testClass = FournisseurImplTest, testInstance = ngondi.ged.ga.infrastructure.service.test.FournisseurImplTest@182cc69e, testMethod = testGetFournisseur@FournisseurImplTest, testException = [null], mergedContextConfiguration = [MergedContextConfiguration@53bb71e5 testClass = FournisseurImplTest, locations = '{}', classes = '{class ngondi.ged.ga.infrastructure.service.test.FournisseurImplTest$conf}', contextInitializerClasses = '[]', activeProfiles = '{}', propertySourceLocations = '{}', propertySourceProperties = '{}', contextCustomizers = set[org.springframework.boot.test.context.filter.ExcludeFilterContextCustomizer@1e4a7dd4, org.springframework.boot.test.json.DuplicateJsonObjectContextCustomizerFactory$DuplicateJsonObjectContextCustomizer@133e16fd, org.springframework.boot.test.mock.mockito.MockitoContextCustomizer@0, org.springframework.boot.test.autoconfigure.properties.PropertyMappingContextCustomizer@0, org.springframework.boot.test.autoconfigure.web.servlet.WebDriverContextCustomizerFactory$Customizer@1176dcec], contextLoader = 'org.springframework.test.context.support.DelegatingSmartContextLoader', parent = [null]], attributes = map[[empty]]], class annotated with @DirtiesContext [false] with mode [null], method annotated with @DirtiesContext [false] with mode [null].
01:26:50.514 [main] DEBUG org.springframework.test.context.cache.DefaultCacheAwareContextLoaderDelegate - Retrieved ApplicationContext from cache with key [[MergedContextConfiguration@53bb71e5 testClass = FournisseurImplTest, locations = '{}', classes = '{class ngondi.ged.ga.infrastructure.service.test.FournisseurImplTest$conf}', contextInitializerClasses = '[]', activeProfiles = '{}', propertySourceLocations = '{}', propertySourceProperties = '{}', contextCustomizers = set[org.springframework.boot.test.context.filter.ExcludeFilterContextCustomizer@1e4a7dd4, org.springframework.boot.test.json.DuplicateJsonObjectContextCustomizerFactory$DuplicateJsonObjectContextCustomizer@133e16fd, org.springframework.boot.test.mock.mockito.MockitoContextCustomizer@0, org.springframework.boot.test.autoconfigure.properties.PropertyMappingContextCustomizer@0, org.springframework.boot.test.autoconfigure.web.servlet.WebDriverContextCustomizerFactory$Customizer@1176dcec], contextLoader = 'org.springframework.test.context.support.DelegatingSmartContextLoader', parent = [null]]]
01:26:50.514 [main] DEBUG org.springframework.test.context.cache - Spring test ApplicationContext cache statistics: [DefaultContextCache@14e750c5 size = 2, maxSize = 32, parentContextCount = 0, hitCount = 61, missCount = 2]
01:26:50.514 [main] DEBUG org.springframework.beans.factory.support.DefaultListableBeanFactory - Returning cached instance of singleton bean 'org.springframework.boot.test.mock.mockito.MockitoBeans'
01:26:50.515 [main] DEBUG org.springframework.test.context.cache.DefaultCacheAwareContextLoaderDelegate - Retrieved ApplicationContext from cache with key [[MergedContextConfiguration@53bb71e5 testClass = FournisseurImplTest, locations = '{}', classes = '{class ngondi.ged.ga.infrastructure.service.test.FournisseurImplTest$conf}', contextInitializerClasses = '[]', activeProfiles = '{}', propertySourceLocations = '{}', propertySourceProperties = '{}', contextCustomizers = set[org.springframework.boot.test.context.filter.ExcludeFilterContextCustomizer@1e4a7dd4, org.springframework.boot.test.json.DuplicateJsonObjectContextCustomizerFactory$DuplicateJsonObjectContextCustomizer@133e16fd, org.springframework.boot.test.mock.mockito.MockitoContextCustomizer@0, org.springframework.boot.test.autoconfigure.properties.PropertyMappingContextCustomizer@0, org.springframework.boot.test.autoconfigure.web.servlet.WebDriverContextCustomizerFactory$Customizer@1176dcec], contextLoader = 'org.springframework.test.context.support.DelegatingSmartContextLoader', parent = [null]]]
01:26:50.515 [main] DEBUG org.springframework.test.context.cache - Spring test ApplicationContext cache statistics: [DefaultContextCache@14e750c5 size = 2, maxSize = 32, parentContextCount = 0, hitCount = 62, missCount = 2]
01:26:50.515 [main] DEBUG org.springframework.test.context.cache.DefaultCacheAwareContextLoaderDelegate - Retrieved ApplicationContext from cache with key [[MergedContextConfiguration@53bb71e5 testClass = FournisseurImplTest, locations = '{}', classes = '{class ngondi.ged.ga.infrastructure.service.test.FournisseurImplTest$conf}', contextInitializerClasses = '[]', activeProfiles = '{}', propertySourceLocations = '{}', propertySourceProperties = '{}', contextCustomizers = set[org.springframework.boot.test.context.filter.ExcludeFilterContextCustomizer@1e4a7dd4, org.springframework.boot.test.json.DuplicateJsonObjectContextCustomizerFactory$DuplicateJsonObjectContextCustomizer@133e16fd, org.springframework.boot.test.mock.mockito.MockitoContextCustomizer@0, org.springframework.boot.test.autoconfigure.properties.PropertyMappingContextCustomizer@0, org.springframework.boot.test.autoconfigure.web.servlet.WebDriverContextCustomizerFactory$Customizer@1176dcec], contextLoader = 'org.springframework.test.context.support.DelegatingSmartContextLoader', parent = [null]]]
01:26:50.515 [main] DEBUG org.springframework.test.context.cache - Spring test ApplicationContext cache statistics: [DefaultContextCache@14e750c5 size = 2, maxSize = 32, parentContextCount = 0, hitCount = 63, missCount = 2]
01:26:50.516 [main] DEBUG org.springframework.test.context.cache.DefaultCacheAwareContextLoaderDelegate - Retrieved ApplicationContext from cache with key [[MergedContextConfiguration@53bb71e5 testClass = FournisseurImplTest, locations = '{}', classes = '{class ngondi.ged.ga.infrastructure.service.test.FournisseurImplTest$conf}', contextInitializerClasses = '[]', activeProfiles = '{}', propertySourceLocations = '{}', propertySourceProperties = '{}', contextCustomizers = set[org.springframework.boot.test.context.filter.ExcludeFilterContextCustomizer@1e4a7dd4, org.springframework.boot.test.json.DuplicateJsonObjectContextCustomizerFactory$DuplicateJsonObjectContextCustomizer@133e16fd, org.springframework.boot.test.mock.mockito.MockitoContextCustomizer@0, org.springframework.boot.test.autoconfigure.properties.PropertyMappingContextCustomizer@0, org.springframework.boot.test.autoconfigure.web.servlet.WebDriverContextCustomizerFactory$Customizer@1176dcec], contextLoader = 'org.springframework.test.context.support.DelegatingSmartContextLoader', parent = [null]]]
01:26:50.516 [main] DEBUG org.springframework.test.context.cache - Spring test ApplicationContext cache statistics: [DefaultContextCache@14e750c5 size = 2, maxSize = 32, parentContextCount = 0, hitCount = 64, missCount = 2]
01:26:50.516 [main] DEBUG org.springframework.test.context.cache.DefaultCacheAwareContextLoaderDelegate - Retrieved ApplicationContext from cache with key [[MergedContextConfiguration@53bb71e5 testClass = FournisseurImplTest, locations = '{}', classes = '{class ngondi.ged.ga.infrastructure.service.test.FournisseurImplTest$conf}', contextInitializerClasses = '[]', activeProfiles = '{}', propertySourceLocations = '{}', propertySourceProperties = '{}', contextCustomizers = set[org.springframework.boot.test.context.filter.ExcludeFilterContextCustomizer@1e4a7dd4, org.springframework.boot.test.json.DuplicateJsonObjectContextCustomizerFactory$DuplicateJsonObjectContextCustomizer@133e16fd, org.springframework.boot.test.mock.mockito.MockitoContextCustomizer@0, org.springframework.boot.test.autoconfigure.properties.PropertyMappingContextCustomizer@0, org.springframework.boot.test.autoconfigure.web.servlet.WebDriverContextCustomizerFactory$Customizer@1176dcec], contextLoader = 'org.springframework.test.context.support.DelegatingSmartContextLoader', parent = [null]]]
01:26:50.516 [main] DEBUG org.springframework.test.context.cache - Spring test ApplicationContext cache statistics: [DefaultContextCache@14e750c5 size = 2, maxSize = 32, parentContextCount = 0, hitCount = 65, missCount = 2]
01:26:50.517 [main] DEBUG org.springframework.beans.factory.support.DefaultListableBeanFactory - Returning cached instance of singleton bean 'org.springframework.boot.test.mock.mockito.MockitoBeans'
01:26:50.517 [main] DEBUG org.springframework.test.context.support.AbstractDirtiesContextTestExecutionListener - After test method: context [DefaultTestContext@1412682c testClass = FournisseurImplTest, testInstance = ngondi.ged.ga.infrastructure.service.test.FournisseurImplTest@182cc69e, testMethod = testGetFournisseur@FournisseurImplTest, testException = java.lang.IllegalArgumentException: Source must not be null, mergedContextConfiguration = [MergedContextConfiguration@53bb71e5 testClass = FournisseurImplTest, locations = '{}', classes = '{class ngondi.ged.ga.infrastructure.service.test.FournisseurImplTest$conf}', contextInitializerClasses = '[]', activeProfiles = '{}', propertySourceLocations = '{}', propertySourceProperties = '{}', contextCustomizers = set[org.springframework.boot.test.context.filter.ExcludeFilterContextCustomizer@1e4a7dd4, org.springframework.boot.test.json.DuplicateJsonObjectContextCustomizerFactory$DuplicateJsonObjectContextCustomizer@133e16fd, org.springframework.boot.test.mock.mockito.MockitoContextCustomizer@0, org.springframework.boot.test.autoconfigure.properties.PropertyMappingContextCustomizer@0, org.springframework.boot.test.autoconfigure.web.servlet.WebDriverContextCustomizerFactory$Customizer@1176dcec], contextLoader = 'org.springframework.test.context.support.DelegatingSmartContextLoader', parent = [null]], attributes = map[[empty]]], class annotated with @DirtiesContext [false] with mode [null], method annotated with @DirtiesContext [false] with mode [null].
]]></system-out>
  </testcase>
</testsuite>